<?xml version="1.0" encoding="UTF-8"?>
<testsuite name="marquez.ColumnLineageIntegrationTest" tests="5" skipped="0" failures="0" errors="0" timestamp="2024-02-09T04:42:28" hostname="MacBook-Air.local" time="2.18">
  <properties/>
  <testcase name="testColumnLineageEndpointByJob()" classname="marquez.ColumnLineageIntegrationTest" time="0.991"/>
  <testcase name="testColumnLineageEndpointWithDownstream()" classname="marquez.ColumnLineageIntegrationTest" time="0.305"/>
  <testcase name="testColumnLineageEndpointByDatasetField()" classname="marquez.ColumnLineageIntegrationTest" time="0.304"/>
  <testcase name="testColumnLineageEndpointWithDepthLimit()" classname="marquez.ColumnLineageIntegrationTest" time="0.305"/>
  <testcase name="testColumnLineageEndpointByDataset()" classname="marquez.ColumnLineageIntegrationTest" time="0.272"/>
  <system-out><![CDATA[10:12:25.290 [Test worker] INFO org.flywaydb.core.internal.license.VersionPrinter - Flyway Community Edition 8.5.13 by Redgate
10:12:25.290 [Test worker] INFO org.flywaydb.core.internal.license.VersionPrinter - See what's new here: https://flywaydb.org/documentation/learnmore/releaseNotes#8.5.13
10:12:25.290 [Test worker] INFO org.flywaydb.core.internal.license.VersionPrinter - 
10:12:25.291 [Test worker] DEBUG org.flywaydb.core.internal.util.FeatureDetector - AWS SDK available: false
10:12:25.291 [Test worker] DEBUG org.flywaydb.core.internal.util.FeatureDetector - Google Cloud Storage available: false
10:12:25.291 [Test worker] DEBUG org.flywaydb.core.internal.scanner.classpath.ClassPathScanner - Scanning for classpath resources at 'classpath:db/callback' ...
10:12:25.291 [Test worker] DEBUG org.flywaydb.core.internal.scanner.classpath.ClassPathScanner - Determining location urls for classpath:db/callback using ClassLoader jdk.internal.loader.ClassLoaders$AppClassLoader@4e0e2f2a ...
10:12:25.291 [Test worker] DEBUG org.flywaydb.core.internal.scanner.classpath.ClassPathScanner - Unable to resolve location classpath:db/callback.
10:12:25.291 [Test worker] DEBUG org.flywaydb.core.internal.scanner.classpath.ClassPathScanner - Scanning for classpath resources at 'classpath:marquez/db/migration' ...
10:12:25.291 [Test worker] DEBUG org.flywaydb.core.internal.scanner.classpath.ClassPathScanner - Determining location urls for classpath:marquez/db/migration using ClassLoader jdk.internal.loader.ClassLoaders$AppClassLoader@4e0e2f2a ...
10:12:25.292 [Test worker] DEBUG org.flywaydb.core.internal.scanner.classpath.ClassPathScanner - Scanning URL: file:/Users/anwar/Fahim/marquez/api/build/resources/main/marquez/db/migration
10:12:25.292 [Test worker] DEBUG org.flywaydb.core.internal.util.FeatureDetector - JBoss VFS v2 available: false
10:12:25.293 [Test worker] DEBUG org.flywaydb.core.internal.scanner.classpath.FileSystemClassPathLocationScanner - Scanning starting at classpath root in filesystem: /Users/anwar/Fahim/marquez/api/build/resources/main/
10:12:25.293 [Test worker] DEBUG org.flywaydb.core.internal.scanner.classpath.FileSystemClassPathLocationScanner - Scanning for resources in path: /Users/anwar/Fahim/marquez/api/build/resources/main/marquez/db/migration (marquez/db/migration)
10:12:25.295 [Test worker] DEBUG org.flywaydb.core.internal.scanner.classpath.ClassPathScanner - Found resource: marquez/db/migration/R__1_Jobs_view_and_rewrite_function.sql
10:12:25.295 [Test worker] DEBUG org.flywaydb.core.internal.scanner.classpath.ClassPathScanner - Found resource: marquez/db/migration/R__2_Runs_view.sql
10:12:25.295 [Test worker] DEBUG org.flywaydb.core.internal.scanner.classpath.ClassPathScanner - Found resource: marquez/db/migration/R__3_Datasets_view.sql
10:12:25.295 [Test worker] DEBUG org.flywaydb.core.internal.scanner.classpath.ClassPathScanner - Found resource: marquez/db/migration/V10__drop_unique_constraint_on_job_name.sql
10:12:25.295 [Test worker] DEBUG org.flywaydb.core.internal.scanner.classpath.ClassPathScanner - Found resource: marquez/db/migration/V11__alter_datasets_to_rename_last_modified.sql
10:12:25.295 [Test worker] DEBUG org.flywaydb.core.internal.scanner.classpath.ClassPathScanner - Found resource: marquez/db/migration/V12__alter_dataset_fields_to_change_unique_constraint.sql
10:12:25.295 [Test worker] DEBUG org.flywaydb.core.internal.scanner.classpath.ClassPathScanner - Found resource: marquez/db/migration/V13__alter_run_add_start_end_state.sql
10:12:25.295 [Test worker] DEBUG org.flywaydb.core.internal.scanner.classpath.ClassPathScanner - Found resource: marquez/db/migration/V14__index_datasetversion_datasetid.sql
10:12:25.295 [Test worker] DEBUG org.flywaydb.core.internal.scanner.classpath.ClassPathScanner - Found resource: marquez/db/migration/V15__index_created_at_and_current_run_state_on_runs.sql
10:12:25.295 [Test worker] DEBUG org.flywaydb.core.internal.scanner.classpath.ClassPathScanner - Found resource: marquez/db/migration/V16__index_created_at_on_runs.sql
10:12:25.295 [Test worker] DEBUG org.flywaydb.core.internal.scanner.classpath.ClassPathScanner - Found resource: marquez/db/migration/V17.1__unique_version_constraint.sql
10:12:25.295 [Test worker] DEBUG org.flywaydb.core.internal.scanner.classpath.ClassPathScanner - Found resource: marquez/db/migration/V17.2__open_lineage.sql
10:12:25.295 [Test worker] DEBUG org.flywaydb.core.internal.scanner.classpath.ClassPathScanner - Found resource: marquez/db/migration/V18__drop_dataset_constraint.sql
10:12:25.295 [Test worker] DEBUG org.flywaydb.core.internal.scanner.classpath.ClassPathScanner - Found resource: marquez/db/migration/V19__alter_run_to_add_external_id.sql
10:12:25.295 [Test worker] DEBUG org.flywaydb.core.internal.scanner.classpath.ClassPathScanner - Found resource: marquez/db/migration/V1__initial_schema.sql
10:12:25.295 [Test worker] DEBUG org.flywaydb.core.internal.scanner.classpath.ClassPathScanner - Found resource: marquez/db/migration/V2.1__alter_job_versions_to_add_job_context_uuid.sql
10:12:25.295 [Test worker] DEBUG org.flywaydb.core.internal.scanner.classpath.ClassPathScanner - Found resource: marquez/db/migration/V20__drop_lineage_pk.sql
10:12:25.295 [Test worker] DEBUG org.flywaydb.core.internal.scanner.classpath.ClassPathScanner - Found resource: marquez/db/migration/V21__alter_jobs_to_add_namespace_name.sql
10:12:25.295 [Test worker] DEBUG org.flywaydb.core.internal.scanner.classpath.ClassPathScanner - Found resource: marquez/db/migration/V22__alter_job_versions_to_add_namespace.sql
10:12:25.295 [Test worker] DEBUG org.flywaydb.core.internal.scanner.classpath.ClassPathScanner - Found resource: marquez/db/migration/V23__alter_runs.sql
10:12:25.295 [Test worker] DEBUG org.flywaydb.core.internal.scanner.classpath.ClassPathScanner - Found resource: marquez/db/migration/V24__alter_jobs.sql
10:12:25.295 [Test worker] DEBUG org.flywaydb.core.internal.scanner.classpath.ClassPathScanner - Found resource: marquez/db/migration/V25__alter_datasets.sql
10:12:25.296 [Test worker] DEBUG org.flywaydb.core.internal.scanner.classpath.ClassPathScanner - Found resource: marquez/db/migration/V26__alter_jobs_change_type.sql
10:12:25.296 [Test worker] DEBUG org.flywaydb.core.internal.scanner.classpath.ClassPathScanner - Found resource: marquez/db/migration/V27__alter_runs_add_context.sql
10:12:25.296 [Test worker] DEBUG org.flywaydb.core.internal.scanner.classpath.ClassPathScanner - Found resource: marquez/db/migration/V28__update_jobs_fix_inputs.sql
10:12:25.296 [Test worker] DEBUG org.flywaydb.core.internal.scanner.classpath.ClassPathScanner - Found resource: marquez/db/migration/V29__alter_dataset_versions_add_fields.sql
10:12:25.296 [Test worker] DEBUG org.flywaydb.core.internal.scanner.classpath.ClassPathScanner - Found resource: marquez/db/migration/V2__add_job_contexts.sql
10:12:25.296 [Test worker] DEBUG org.flywaydb.core.internal.scanner.classpath.ClassPathScanner - Found resource: marquez/db/migration/V30__alter_runs_change_transitioned_at_type.sql
10:12:25.296 [Test worker] DEBUG org.flywaydb.core.internal.scanner.classpath.ClassPathScanner - Found resource: marquez/db/migration/V31__alter_job_io_mapping.sql
10:12:25.296 [Test worker] DEBUG org.flywaydb.core.internal.scanner.classpath.ClassPathScanner - Found resource: marquez/db/migration/V32__index_runs_created_at.sql
10:12:25.296 [Test worker] DEBUG org.flywaydb.core.internal.scanner.classpath.ClassPathScanner - Found resource: marquez/db/migration/V33__index_lineage_events_run_id.sql
10:12:25.296 [Test worker] DEBUG org.flywaydb.core.internal.scanner.classpath.ClassPathScanner - Found resource: marquez/db/migration/V34__drop_not_null_constraint_on_field_type.sql
10:12:25.296 [Test worker] DEBUG org.flywaydb.core.internal.scanner.classpath.ClassPathScanner - Found resource: marquez/db/migration/V35__drop_io_mapping_tables.sql
10:12:25.296 [Test worker] DEBUG org.flywaydb.core.internal.scanner.classpath.ClassPathScanner - Found resource: marquez/db/migration/V36__drop_run_id_column_in_lineage_events.sql
10:12:25.296 [Test worker] DEBUG org.flywaydb.core.internal.scanner.classpath.ClassPathScanner - Found resource: marquez/db/migration/V37__alter_dataset_fields_to_change_type.sql
10:12:25.296 [Test worker] DEBUG org.flywaydb.core.internal.scanner.classpath.ClassPathScanner - Found resource: marquez/db/migration/V38__alter_namespaces_to_resize_name.sql
10:12:25.296 [Test worker] DEBUG org.flywaydb.core.internal.scanner.classpath.ClassPathScanner - Found resource: marquez/db/migration/V39__alter_sources_to_resize_name.sql
10:12:25.296 [Test worker] DEBUG org.flywaydb.core.internal.scanner.classpath.ClassPathScanner - Found resource: marquez/db/migration/V3__drop_not_null_constraint_on_job_location.sql
10:12:25.296 [Test worker] DEBUG org.flywaydb.core.internal.scanner.classpath.ClassPathScanner - Found resource: marquez/db/migration/V40__alter_tables_resize_namespace_and_connection_url.sql
10:12:25.296 [Test worker] DEBUG org.flywaydb.core.internal.scanner.classpath.ClassPathScanner - Found resource: marquez/db/migration/V41__add_operation_to_dataset_versions.sql
10:12:25.296 [Test worker] DEBUG org.flywaydb.core.internal.scanner.classpath.ClassPathScanner - Found resource: marquez/db/migration/V42__add_job_symlink_target.sql
10:12:25.296 [Test worker] DEBUG org.flywaydb.core.internal.scanner.classpath.ClassPathScanner - Found resource: marquez/db/migration/V43__alter_jobs_add_job_parent_uuid.sql
10:12:25.296 [Test worker] DEBUG org.flywaydb.core.internal.scanner.classpath.ClassPathScanner - Found resource: marquez/db/migration/V44__runs_job_versions_add_job_uuid.sql
10:12:25.296 [Test worker] DEBUG org.flywaydb.core.internal.scanner.classpath.ClassPathScanner - Found resource: marquez/db/migration/V45__update_jobs_view_rule.sql
10:12:25.296 [Test worker] DEBUG org.flywaydb.core.internal.scanner.classpath.ClassPathScanner - Found resource: marquez/db/migration/V46__add_hidden_column_to_jobs_and_datasets.sql
10:12:25.296 [Test worker] DEBUG org.flywaydb.core.internal.scanner.classpath.ClassPathScanner - Found resource: marquez/db/migration/V47__add_lineage_event_indexes.sql
10:12:25.296 [Test worker] DEBUG org.flywaydb.core.internal.scanner.classpath.ClassPathScanner - Found resource: marquez/db/migration/V48__dataset_symlinks.sql
10:12:25.296 [Test worker] DEBUG org.flywaydb.core.internal.scanner.classpath.ClassPathScanner - Found resource: marquez/db/migration/V49__column_lineage.sql
10:12:25.296 [Test worker] DEBUG org.flywaydb.core.internal.scanner.classpath.ClassPathScanner - Found resource: marquez/db/migration/V4__add_dataset_fields.sql
10:12:25.296 [Test worker] DEBUG org.flywaydb.core.internal.scanner.classpath.ClassPathScanner - Found resource: marquez/db/migration/V50__index_dataset_fields.sql
10:12:25.296 [Test worker] DEBUG org.flywaydb.core.internal.scanner.classpath.ClassPathScanner - Found resource: marquez/db/migration/V51__job_indices_for_lineage.sql
10:12:25.296 [Test worker] DEBUG org.flywaydb.core.internal.scanner.classpath.ClassPathScanner - Found resource: marquez/db/migration/V52__alter_dataset_symlinks.sql
10:12:25.296 [Test worker] DEBUG org.flywaydb.core.internal.scanner.classpath.ClassPathScanner - Found resource: marquez/db/migration/V53__add_hidden_namespace.sql
10:12:25.296 [Test worker] DEBUG org.flywaydb.core.internal.scanner.classpath.ClassPathScanner - Found resource: marquez/db/migration/V54__lineage_events_created_at_indexed.sql
10:12:25.296 [Test worker] DEBUG org.flywaydb.core.internal.scanner.classpath.ClassPathScanner - Found resource: marquez/db/migration/V55.1__add_dataset_facets.sql
10:12:25.296 [Test worker] DEBUG org.flywaydb.core.internal.scanner.classpath.ClassPathScanner - Found resource: marquez/db/migration/V55.2__add_job_facets.sql
10:12:25.296 [Test worker] DEBUG org.flywaydb.core.internal.scanner.classpath.ClassPathScanner - Found resource: marquez/db/migration/V55.3__add_run_facets.sql
10:12:25.296 [Test worker] DEBUG org.flywaydb.core.internal.scanner.classpath.ClassPathScanner - Found resource: marquez/db/migration/V57.1__add_migration_lock.sql
10:12:25.296 [Test worker] DEBUG org.flywaydb.core.internal.scanner.classpath.ClassPathScanner - Found resource: marquez/db/migration/V57__readme.md
10:12:25.296 [Test worker] DEBUG org.flywaydb.core.internal.scanner.classpath.ClassPathScanner - Found resource: marquez/db/migration/V58__job_fqn_name_index.sql
10:12:25.296 [Test worker] DEBUG org.flywaydb.core.internal.scanner.classpath.ClassPathScanner - Found resource: marquez/db/migration/V59.1__column_lineage_add_indexes.sql
10:12:25.296 [Test worker] DEBUG org.flywaydb.core.internal.scanner.classpath.ClassPathScanner - Found resource: marquez/db/migration/V59.2__facet_tables_indexes.sql
10:12:25.296 [Test worker] DEBUG org.flywaydb.core.internal.scanner.classpath.ClassPathScanner - Found resource: marquez/db/migration/V5__add_tags.sql
10:12:25.296 [Test worker] DEBUG org.flywaydb.core.internal.scanner.classpath.ClassPathScanner - Found resource: marquez/db/migration/V60__alter_job_versions_to_drop_job_context_uuid.sql
10:12:25.296 [Test worker] DEBUG org.flywaydb.core.internal.scanner.classpath.ClassPathScanner - Found resource: marquez/db/migration/V61__unique_job_fqn_index.sql
10:12:25.296 [Test worker] DEBUG org.flywaydb.core.internal.scanner.classpath.ClassPathScanner - Found resource: marquez/db/migration/V62__index_run_states_and_parent_run.sql
10:12:25.296 [Test worker] DEBUG org.flywaydb.core.internal.scanner.classpath.ClassPathScanner - Found resource: marquez/db/migration/V63__alter_tables_add_on_cascade_delete.sql
10:12:25.296 [Test worker] DEBUG org.flywaydb.core.internal.scanner.classpath.ClassPathScanner - Found resource: marquez/db/migration/V64__drop_job_contexts.sql
10:12:25.296 [Test worker] DEBUG org.flywaydb.core.internal.scanner.classpath.ClassPathScanner - Found resource: marquez/db/migration/V65__alter_dataset_facets_to_change_lineage_event_type_as_nullable.sql
10:12:25.296 [Test worker] DEBUG org.flywaydb.core.internal.scanner.classpath.ClassPathScanner - Found resource: marquez/db/migration/V66.1__alter_job_facets.sql
10:12:25.296 [Test worker] DEBUG org.flywaydb.core.internal.scanner.classpath.ClassPathScanner - Found resource: marquez/db/migration/V66.2__alter_lineage_events_add_event_type.sql
10:12:25.296 [Test worker] DEBUG org.flywaydb.core.internal.scanner.classpath.ClassPathScanner - Found resource: marquez/db/migration/V67.1__job_versions_io_mapping_add_job_reference.sql
10:12:25.296 [Test worker] DEBUG org.flywaydb.core.internal.scanner.classpath.ClassPathScanner - Found resource: marquez/db/migration/V6__alter_datasets_to_add_last_modified.sql
10:12:25.296 [Test worker] DEBUG org.flywaydb.core.internal.scanner.classpath.ClassPathScanner - Found resource: marquez/db/migration/V7__alter_run_args_to_change_args.sql
10:12:25.296 [Test worker] DEBUG org.flywaydb.core.internal.scanner.classpath.ClassPathScanner - Found resource: marquez/db/migration/V8__alter_datasets_to_change_unique_constraint.sql
10:12:25.296 [Test worker] DEBUG org.flywaydb.core.internal.scanner.classpath.ClassPathScanner - Found resource: marquez/db/migration/V9__alter_sources_to_drop_composite_unique_constraint.sql
10:12:25.296 [Test worker] DEBUG org.flywaydb.core.internal.scanner.classpath.ClassPathScanner - Scanning for classes at classpath:marquez/db/migration
10:12:25.297 [Test worker] DEBUG org.flywaydb.core.internal.scanner.classpath.ClassPathScanner - Scanning for classpath resources at 'classpath:marquez/db/migrations' ...
10:12:25.297 [Test worker] DEBUG org.flywaydb.core.internal.scanner.classpath.ClassPathScanner - Determining location urls for classpath:marquez/db/migrations using ClassLoader jdk.internal.loader.ClassLoaders$AppClassLoader@4e0e2f2a ...
10:12:25.297 [Test worker] DEBUG org.flywaydb.core.internal.scanner.classpath.ClassPathScanner - Scanning URL: file:/Users/anwar/Fahim/marquez/api/build/classes/java/test/marquez/db/migrations
10:12:25.297 [Test worker] DEBUG org.flywaydb.core.internal.util.FeatureDetector - JBoss VFS v2 available: false
10:12:25.297 [Test worker] DEBUG org.flywaydb.core.internal.scanner.classpath.FileSystemClassPathLocationScanner - Scanning starting at classpath root in filesystem: /Users/anwar/Fahim/marquez/api/build/classes/java/test/
10:12:25.297 [Test worker] DEBUG org.flywaydb.core.internal.scanner.classpath.FileSystemClassPathLocationScanner - Scanning for resources in path: /Users/anwar/Fahim/marquez/api/build/classes/java/test/marquez/db/migrations (marquez/db/migrations)
10:12:25.297 [Test worker] DEBUG org.flywaydb.core.internal.scanner.classpath.ClassPathScanner - Scanning URL: file:/Users/anwar/Fahim/marquez/api/build/classes/java/main/marquez/db/migrations
10:12:25.297 [Test worker] DEBUG org.flywaydb.core.internal.util.FeatureDetector - JBoss VFS v2 available: false
10:12:25.297 [Test worker] DEBUG org.flywaydb.core.internal.scanner.classpath.FileSystemClassPathLocationScanner - Scanning starting at classpath root in filesystem: /Users/anwar/Fahim/marquez/api/build/classes/java/main/
10:12:25.298 [Test worker] DEBUG org.flywaydb.core.internal.scanner.classpath.FileSystemClassPathLocationScanner - Scanning for resources in path: /Users/anwar/Fahim/marquez/api/build/classes/java/main/marquez/db/migrations (marquez/db/migrations)
10:12:25.298 [Test worker] DEBUG org.flywaydb.core.internal.scanner.classpath.ClassPathScanner - Found resource: marquez/db/migrations/V44_1__UpdateRunsWithJobUUID.class
10:12:25.298 [Test worker] DEBUG org.flywaydb.core.internal.scanner.classpath.ClassPathScanner - Found resource: marquez/db/migrations/V44_2__BackfillAirflowParentRuns$ParentRun.class
10:12:25.298 [Test worker] DEBUG org.flywaydb.core.internal.scanner.classpath.ClassPathScanner - Found resource: marquez/db/migrations/V44_2__BackfillAirflowParentRuns.class
10:12:25.298 [Test worker] DEBUG org.flywaydb.core.internal.scanner.classpath.ClassPathScanner - Found resource: marquez/db/migrations/V44_3_BackfillJobsWithParents$JobParent.class
10:12:25.298 [Test worker] DEBUG org.flywaydb.core.internal.scanner.classpath.ClassPathScanner - Found resource: marquez/db/migrations/V44_3_BackfillJobsWithParents.class
10:12:25.298 [Test worker] DEBUG org.flywaydb.core.internal.scanner.classpath.ClassPathScanner - Found resource: marquez/db/migrations/V56_1__FacetViews.class
10:12:25.298 [Test worker] DEBUG org.flywaydb.core.internal.scanner.classpath.ClassPathScanner - Found resource: marquez/db/migrations/V57_1__BackfillFacets.class
10:12:25.298 [Test worker] DEBUG org.flywaydb.core.internal.scanner.classpath.ClassPathScanner - Found resource: marquez/db/migrations/V57_1__BackfillFacetsTest$DatasetFacet.class
10:12:25.298 [Test worker] DEBUG org.flywaydb.core.internal.scanner.classpath.ClassPathScanner - Found resource: marquez/db/migrations/V57_1__BackfillFacetsTest$JobFacet.class
10:12:25.298 [Test worker] DEBUG org.flywaydb.core.internal.scanner.classpath.ClassPathScanner - Found resource: marquez/db/migrations/V57_1__BackfillFacetsTest$RunFacet.class
10:12:25.298 [Test worker] DEBUG org.flywaydb.core.internal.scanner.classpath.ClassPathScanner - Found resource: marquez/db/migrations/V57_1__BackfillFacetsTest.class
10:12:25.298 [Test worker] DEBUG org.flywaydb.core.internal.scanner.classpath.ClassPathScanner - Found resource: marquez/db/migrations/V57_BackfillFacetsPerformanceTest.class
10:12:25.298 [Test worker] DEBUG org.flywaydb.core.internal.scanner.classpath.ClassPathScanner - Found resource: marquez/db/migrations/V66_3_JobFacetsBackfillJobVersion.class
10:12:25.298 [Test worker] DEBUG org.flywaydb.core.internal.scanner.classpath.ClassPathScanner - Found resource: marquez/db/migrations/V66_3_JobFacetsBackfillJobVersionTest$1.class
10:12:25.298 [Test worker] DEBUG org.flywaydb.core.internal.scanner.classpath.ClassPathScanner - Found resource: marquez/db/migrations/V66_3_JobFacetsBackfillJobVersionTest.class
10:12:25.298 [Test worker] DEBUG org.flywaydb.core.internal.scanner.classpath.ClassPathScanner - Found resource: marquez/db/migrations/V67_2_JobFacetsBackfillJobVersionTest$1.class
10:12:25.298 [Test worker] DEBUG org.flywaydb.core.internal.scanner.classpath.ClassPathScanner - Found resource: marquez/db/migrations/V67_2_JobFacetsBackfillJobVersionTest.class
10:12:25.298 [Test worker] DEBUG org.flywaydb.core.internal.scanner.classpath.ClassPathScanner - Found resource: marquez/db/migrations/V67_2_JobVersionsIOMappingBackfillJob.class
10:12:25.298 [Test worker] DEBUG org.flywaydb.core.internal.scanner.classpath.ClassPathScanner - Scanning for classes at classpath:marquez/db/migrations
10:12:25.304 [Test worker] DEBUG org.flywaydb.core.internal.scanner.Scanner - Filtering out resource: marquez/db/migration/V57__readme.md (filename: V57__readme.md)
10:12:25.304 [Test worker] DEBUG org.flywaydb.core.internal.scanner.Scanner - Filtering out resource: marquez/db/migrations/V44_3_BackfillJobsWithParents.class (filename: V44_3_BackfillJobsWithParents.class)
10:12:25.304 [Test worker] DEBUG org.flywaydb.core.internal.scanner.Scanner - Filtering out resource: marquez/db/migrations/V67_2_JobFacetsBackfillJobVersionTest.class (filename: V67_2_JobFacetsBackfillJobVersionTest.class)
10:12:25.304 [Test worker] DEBUG org.flywaydb.core.internal.scanner.Scanner - Filtering out resource: marquez/db/migrations/V57_1__BackfillFacets.class (filename: V57_1__BackfillFacets.class)
10:12:25.304 [Test worker] DEBUG org.flywaydb.core.internal.scanner.Scanner - Filtering out resource: marquez/db/migrations/V57_1__BackfillFacetsTest$DatasetFacet.class (filename: V57_1__BackfillFacetsTest$DatasetFacet.class)
10:12:25.304 [Test worker] DEBUG org.flywaydb.core.internal.scanner.Scanner - Filtering out resource: marquez/db/migrations/V67_2_JobVersionsIOMappingBackfillJob.class (filename: V67_2_JobVersionsIOMappingBackfillJob.class)
10:12:25.304 [Test worker] DEBUG org.flywaydb.core.internal.scanner.Scanner - Filtering out resource: marquez/db/migrations/V66_3_JobFacetsBackfillJobVersionTest.class (filename: V66_3_JobFacetsBackfillJobVersionTest.class)
10:12:25.304 [Test worker] DEBUG org.flywaydb.core.internal.scanner.Scanner - Filtering out resource: marquez/db/migrations/V56_1__FacetViews.class (filename: V56_1__FacetViews.class)
10:12:25.304 [Test worker] DEBUG org.flywaydb.core.internal.scanner.Scanner - Filtering out resource: marquez/db/migrations/V44_2__BackfillAirflowParentRuns$ParentRun.class (filename: V44_2__BackfillAirflowParentRuns$ParentRun.class)
10:12:25.304 [Test worker] DEBUG org.flywaydb.core.internal.scanner.Scanner - Filtering out resource: marquez/db/migrations/V44_3_BackfillJobsWithParents$JobParent.class (filename: V44_3_BackfillJobsWithParents$JobParent.class)
10:12:25.304 [Test worker] DEBUG org.flywaydb.core.internal.scanner.Scanner - Filtering out resource: marquez/db/migrations/V44_1__UpdateRunsWithJobUUID.class (filename: V44_1__UpdateRunsWithJobUUID.class)
10:12:25.304 [Test worker] DEBUG org.flywaydb.core.internal.scanner.Scanner - Filtering out resource: marquez/db/migrations/V67_2_JobFacetsBackfillJobVersionTest$1.class (filename: V67_2_JobFacetsBackfillJobVersionTest$1.class)
10:12:25.304 [Test worker] DEBUG org.flywaydb.core.internal.scanner.Scanner - Filtering out resource: marquez/db/migrations/V57_1__BackfillFacetsTest.class (filename: V57_1__BackfillFacetsTest.class)
10:12:25.304 [Test worker] DEBUG org.flywaydb.core.internal.scanner.Scanner - Filtering out resource: marquez/db/migrations/V66_3_JobFacetsBackfillJobVersion.class (filename: V66_3_JobFacetsBackfillJobVersion.class)
10:12:25.304 [Test worker] DEBUG org.flywaydb.core.internal.scanner.Scanner - Filtering out resource: marquez/db/migrations/V44_2__BackfillAirflowParentRuns.class (filename: V44_2__BackfillAirflowParentRuns.class)
10:12:25.304 [Test worker] DEBUG org.flywaydb.core.internal.scanner.Scanner - Filtering out resource: marquez/db/migrations/V57_BackfillFacetsPerformanceTest.class (filename: V57_BackfillFacetsPerformanceTest.class)
10:12:25.304 [Test worker] DEBUG org.flywaydb.core.internal.scanner.Scanner - Filtering out resource: marquez/db/migrations/V66_3_JobFacetsBackfillJobVersionTest$1.class (filename: V66_3_JobFacetsBackfillJobVersionTest$1.class)
10:12:25.304 [Test worker] DEBUG org.flywaydb.core.internal.scanner.Scanner - Filtering out resource: marquez/db/migrations/V57_1__BackfillFacetsTest$JobFacet.class (filename: V57_1__BackfillFacetsTest$JobFacet.class)
10:12:25.304 [Test worker] DEBUG org.flywaydb.core.internal.scanner.Scanner - Filtering out resource: marquez/db/migrations/V57_1__BackfillFacetsTest$RunFacet.class (filename: V57_1__BackfillFacetsTest$RunFacet.class)
10:12:25.305 [Test worker] DEBUG org.flywaydb.core.internal.resource.ResourceNameValidator - Validating V18__drop_dataset_constraint.sql
10:12:25.305 [Test worker] DEBUG org.flywaydb.core.internal.resource.ResourceNameValidator - Validating V63__alter_tables_add_on_cascade_delete.sql
10:12:25.305 [Test worker] DEBUG org.flywaydb.core.internal.resource.ResourceNameValidator - Validating V30__alter_runs_change_transitioned_at_type.sql
10:12:25.305 [Test worker] DEBUG org.flywaydb.core.internal.resource.ResourceNameValidator - Validating R__2_Runs_view.sql
10:12:25.305 [Test worker] DEBUG org.flywaydb.core.internal.resource.ResourceNameValidator - Validating V29__alter_dataset_versions_add_fields.sql
10:12:25.305 [Test worker] DEBUG org.flywaydb.core.internal.resource.ResourceNameValidator - Validating V44__runs_job_versions_add_job_uuid.sql
10:12:25.305 [Test worker] DEBUG org.flywaydb.core.internal.resource.ResourceNameValidator - Validating V19__alter_run_to_add_external_id.sql
10:12:25.305 [Test worker] DEBUG org.flywaydb.core.internal.resource.ResourceNameValidator - Validating V40__alter_tables_resize_namespace_and_connection_url.sql
10:12:25.305 [Test worker] DEBUG org.flywaydb.core.internal.resource.ResourceNameValidator - Validating V64__drop_job_contexts.sql
10:12:25.305 [Test worker] DEBUG org.flywaydb.core.internal.resource.ResourceNameValidator - Validating V4__add_dataset_fields.sql
10:12:25.305 [Test worker] DEBUG org.flywaydb.core.internal.resource.ResourceNameValidator - Validating V55.1__add_dataset_facets.sql
10:12:25.305 [Test worker] DEBUG org.flywaydb.core.internal.resource.ResourceNameValidator - Validating V67.1__job_versions_io_mapping_add_job_reference.sql
10:12:25.305 [Test worker] DEBUG org.flywaydb.core.internal.resource.ResourceNameValidator - Validating V35__drop_io_mapping_tables.sql
10:12:25.305 [Test worker] DEBUG org.flywaydb.core.internal.resource.ResourceNameValidator - Validating V55.3__add_run_facets.sql
10:12:25.305 [Test worker] DEBUG org.flywaydb.core.internal.resource.ResourceNameValidator - Validating V8__alter_datasets_to_change_unique_constraint.sql
10:12:25.305 [Test worker] DEBUG org.flywaydb.core.internal.resource.ResourceNameValidator - Validating V9__alter_sources_to_drop_composite_unique_constraint.sql
10:12:25.305 [Test worker] DEBUG org.flywaydb.core.internal.resource.ResourceNameValidator - Validating V6__alter_datasets_to_add_last_modified.sql
10:12:25.305 [Test worker] DEBUG org.flywaydb.core.internal.resource.ResourceNameValidator - Validating V60__alter_job_versions_to_drop_job_context_uuid.sql
10:12:25.305 [Test worker] DEBUG org.flywaydb.core.internal.resource.ResourceNameValidator - Validating V3__drop_not_null_constraint_on_job_location.sql
10:12:25.305 [Test worker] DEBUG org.flywaydb.core.internal.resource.ResourceNameValidator - Validating V10__drop_unique_constraint_on_job_name.sql
10:12:25.305 [Test worker] DEBUG org.flywaydb.core.internal.resource.ResourceNameValidator - Validating V52__alter_dataset_symlinks.sql
10:12:25.305 [Test worker] DEBUG org.flywaydb.core.internal.resource.ResourceNameValidator - Validating V15__index_created_at_and_current_run_state_on_runs.sql
10:12:25.305 [Test worker] DEBUG org.flywaydb.core.internal.resource.ResourceNameValidator - Validating V43__alter_jobs_add_job_parent_uuid.sql
10:12:25.305 [Test worker] DEBUG org.flywaydb.core.internal.resource.ResourceNameValidator - Validating V42__add_job_symlink_target.sql
10:12:25.305 [Test worker] DEBUG org.flywaydb.core.internal.resource.ResourceNameValidator - Validating V16__index_created_at_on_runs.sql
10:12:25.306 [Test worker] DEBUG org.flywaydb.core.internal.resource.ResourceNameValidator - Validating V31__alter_job_io_mapping.sql
10:12:25.306 [Test worker] DEBUG org.flywaydb.core.internal.resource.ResourceNameValidator - Validating V53__add_hidden_namespace.sql
10:12:25.306 [Test worker] DEBUG org.flywaydb.core.internal.resource.ResourceNameValidator - Validating V37__alter_dataset_fields_to_change_type.sql
10:12:25.306 [Test worker] DEBUG org.flywaydb.core.internal.resource.ResourceNameValidator - Validating V57.1__add_migration_lock.sql
10:12:25.306 [Test worker] DEBUG org.flywaydb.core.internal.resource.ResourceNameValidator - Validating V5__add_tags.sql
10:12:25.306 [Test worker] DEBUG org.flywaydb.core.internal.resource.ResourceNameValidator - Validating V22__alter_job_versions_to_add_namespace.sql
10:12:25.306 [Test worker] DEBUG org.flywaydb.core.internal.resource.ResourceNameValidator - Validating V46__add_hidden_column_to_jobs_and_datasets.sql
10:12:25.306 [Test worker] DEBUG org.flywaydb.core.internal.resource.ResourceNameValidator - Validating V48__dataset_symlinks.sql
10:12:25.306 [Test worker] DEBUG org.flywaydb.core.internal.resource.ResourceNameValidator - Validating R__1_Jobs_view_and_rewrite_function.sql
10:12:25.306 [Test worker] DEBUG org.flywaydb.core.internal.resource.ResourceNameValidator - Validating V12__alter_dataset_fields_to_change_unique_constraint.sql
10:12:25.306 [Test worker] DEBUG org.flywaydb.core.internal.resource.ResourceNameValidator - Validating V51__job_indices_for_lineage.sql
10:12:25.306 [Test worker] DEBUG org.flywaydb.core.internal.resource.ResourceNameValidator - Validating V24__alter_jobs.sql
10:12:25.306 [Test worker] DEBUG org.flywaydb.core.internal.resource.ResourceNameValidator - Validating V65__alter_dataset_facets_to_change_lineage_event_type_as_nullable.sql
10:12:25.306 [Test worker] DEBUG org.flywaydb.core.internal.resource.ResourceNameValidator - Validating V58__job_fqn_name_index.sql
10:12:25.306 [Test worker] DEBUG org.flywaydb.core.internal.resource.ResourceNameValidator - Validating V7__alter_run_args_to_change_args.sql
10:12:25.306 [Test worker] DEBUG org.flywaydb.core.internal.resource.ResourceNameValidator - Validating V41__add_operation_to_dataset_versions.sql
10:12:25.306 [Test worker] DEBUG org.flywaydb.core.internal.resource.ResourceNameValidator - Validating V34__drop_not_null_constraint_on_field_type.sql
10:12:25.306 [Test worker] DEBUG org.flywaydb.core.internal.resource.ResourceNameValidator - Validating V36__drop_run_id_column_in_lineage_events.sql
10:12:25.306 [Test worker] DEBUG org.flywaydb.core.internal.resource.ResourceNameValidator - Validating V38__alter_namespaces_to_resize_name.sql
10:12:25.306 [Test worker] DEBUG org.flywaydb.core.internal.resource.ResourceNameValidator - Validating V23__alter_runs.sql
10:12:25.306 [Test worker] DEBUG org.flywaydb.core.internal.resource.ResourceNameValidator - Validating V25__alter_datasets.sql
10:12:25.306 [Test worker] DEBUG org.flywaydb.core.internal.resource.ResourceNameValidator - Validating V21__alter_jobs_to_add_namespace_name.sql
10:12:25.306 [Test worker] DEBUG org.flywaydb.core.internal.resource.ResourceNameValidator - Validating V39__alter_sources_to_resize_name.sql
10:12:25.306 [Test worker] DEBUG org.flywaydb.core.internal.resource.ResourceNameValidator - Validating V26__alter_jobs_change_type.sql
10:12:25.306 [Test worker] DEBUG org.flywaydb.core.internal.resource.ResourceNameValidator - Validating V50__index_dataset_fields.sql
10:12:25.306 [Test worker] DEBUG org.flywaydb.core.internal.resource.ResourceNameValidator - Validating V17.1__unique_version_constraint.sql
10:12:25.306 [Test worker] DEBUG org.flywaydb.core.internal.resource.ResourceNameValidator - Validating V17.2__open_lineage.sql
10:12:25.306 [Test worker] DEBUG org.flywaydb.core.internal.resource.ResourceNameValidator - Validating V62__index_run_states_and_parent_run.sql
10:12:25.306 [Test worker] DEBUG org.flywaydb.core.internal.resource.ResourceNameValidator - Validating V66.2__alter_lineage_events_add_event_type.sql
10:12:25.306 [Test worker] DEBUG org.flywaydb.core.internal.resource.ResourceNameValidator - Validating V27__alter_runs_add_context.sql
10:12:25.306 [Test worker] DEBUG org.flywaydb.core.internal.resource.ResourceNameValidator - Validating V45__update_jobs_view_rule.sql
10:12:25.306 [Test worker] DEBUG org.flywaydb.core.internal.resource.ResourceNameValidator - Validating V54__lineage_events_created_at_indexed.sql
10:12:25.306 [Test worker] DEBUG org.flywaydb.core.internal.resource.ResourceNameValidator - Validating V59.1__column_lineage_add_indexes.sql
10:12:25.306 [Test worker] DEBUG org.flywaydb.core.internal.resource.ResourceNameValidator - Validating R__3_Datasets_view.sql
10:12:25.306 [Test worker] DEBUG org.flywaydb.core.internal.resource.ResourceNameValidator - Validating V2.1__alter_job_versions_to_add_job_context_uuid.sql
10:12:25.306 [Test worker] DEBUG org.flywaydb.core.internal.resource.ResourceNameValidator - Validating V55.2__add_job_facets.sql
10:12:25.306 [Test worker] DEBUG org.flywaydb.core.internal.resource.ResourceNameValidator - Validating V14__index_datasetversion_datasetid.sql
10:12:25.306 [Test worker] DEBUG org.flywaydb.core.internal.resource.ResourceNameValidator - Validating V28__update_jobs_fix_inputs.sql
10:12:25.306 [Test worker] DEBUG org.flywaydb.core.internal.resource.ResourceNameValidator - Validating V47__add_lineage_event_indexes.sql
10:12:25.306 [Test worker] DEBUG org.flywaydb.core.internal.resource.ResourceNameValidator - Validating V49__column_lineage.sql
10:12:25.307 [Test worker] DEBUG org.flywaydb.core.internal.resource.ResourceNameValidator - Validating V59.2__facet_tables_indexes.sql
10:12:25.307 [Test worker] DEBUG org.flywaydb.core.internal.resource.ResourceNameValidator - Validating V11__alter_datasets_to_rename_last_modified.sql
10:12:25.307 [Test worker] DEBUG org.flywaydb.core.internal.resource.ResourceNameValidator - Validating V2__add_job_contexts.sql
10:12:25.307 [Test worker] DEBUG org.flywaydb.core.internal.resource.ResourceNameValidator - Validating V1__initial_schema.sql
10:12:25.307 [Test worker] DEBUG org.flywaydb.core.internal.resource.ResourceNameValidator - Validating V66.1__alter_job_facets.sql
10:12:25.307 [Test worker] DEBUG org.flywaydb.core.internal.resource.ResourceNameValidator - Validating V20__drop_lineage_pk.sql
10:12:25.307 [Test worker] DEBUG org.flywaydb.core.internal.resource.ResourceNameValidator - Validating V32__index_runs_created_at.sql
10:12:25.307 [Test worker] DEBUG org.flywaydb.core.internal.resource.ResourceNameValidator - Validating V33__index_lineage_events_run_id.sql
10:12:25.307 [Test worker] DEBUG org.flywaydb.core.internal.resource.ResourceNameValidator - Validating V13__alter_run_add_start_end_state.sql
10:12:25.307 [Test worker] DEBUG org.flywaydb.core.internal.resource.ResourceNameValidator - Validating V61__unique_job_fqn_index.sql
10:12:25.490 [Test worker] INFO org.flywaydb.core.internal.database.base.BaseDatabaseType - Database: jdbc:postgresql://localhost:55773/test (PostgreSQL 14.10)
10:12:25.490 [Test worker] DEBUG org.flywaydb.core.internal.database.base.BaseDatabaseType - Driver  : PostgreSQL JDBC Driver 42.6.0
10:12:25.492 [Test worker] DEBUG org.flywaydb.core.FlywayExecutor - DDL Transactions Supported: true
10:12:25.493 [Test worker] DEBUG org.flywaydb.core.internal.schemahistory.SchemaHistoryFactory - Schemas: 
10:12:25.493 [Test worker] DEBUG org.flywaydb.core.internal.schemahistory.SchemaHistoryFactory - Default schema: null
10:12:25.503 [Test worker] DEBUG org.flywaydb.core.internal.callback.SqlScriptCallbackFactory - Scanning for SQL callbacks ...
10:12:25.503 [Test worker] DEBUG org.flywaydb.core.internal.scanner.Scanner - Filtering out resource: marquez/db/migration/V57__readme.md (filename: V57__readme.md)
10:12:25.503 [Test worker] DEBUG org.flywaydb.core.internal.scanner.Scanner - Filtering out resource: marquez/db/migrations/V44_3_BackfillJobsWithParents.class (filename: V44_3_BackfillJobsWithParents.class)
10:12:25.503 [Test worker] DEBUG org.flywaydb.core.internal.scanner.Scanner - Filtering out resource: marquez/db/migrations/V67_2_JobFacetsBackfillJobVersionTest.class (filename: V67_2_JobFacetsBackfillJobVersionTest.class)
10:12:25.503 [Test worker] DEBUG org.flywaydb.core.internal.scanner.Scanner - Filtering out resource: marquez/db/migrations/V57_1__BackfillFacets.class (filename: V57_1__BackfillFacets.class)
10:12:25.503 [Test worker] DEBUG org.flywaydb.core.internal.scanner.Scanner - Filtering out resource: marquez/db/migrations/V57_1__BackfillFacetsTest$DatasetFacet.class (filename: V57_1__BackfillFacetsTest$DatasetFacet.class)
10:12:25.503 [Test worker] DEBUG org.flywaydb.core.internal.scanner.Scanner - Filtering out resource: marquez/db/migrations/V67_2_JobVersionsIOMappingBackfillJob.class (filename: V67_2_JobVersionsIOMappingBackfillJob.class)
10:12:25.503 [Test worker] DEBUG org.flywaydb.core.internal.scanner.Scanner - Filtering out resource: marquez/db/migrations/V66_3_JobFacetsBackfillJobVersionTest.class (filename: V66_3_JobFacetsBackfillJobVersionTest.class)
10:12:25.503 [Test worker] DEBUG org.flywaydb.core.internal.scanner.Scanner - Filtering out resource: marquez/db/migrations/V56_1__FacetViews.class (filename: V56_1__FacetViews.class)
10:12:25.503 [Test worker] DEBUG org.flywaydb.core.internal.scanner.Scanner - Filtering out resource: marquez/db/migrations/V44_2__BackfillAirflowParentRuns$ParentRun.class (filename: V44_2__BackfillAirflowParentRuns$ParentRun.class)
10:12:25.503 [Test worker] DEBUG org.flywaydb.core.internal.scanner.Scanner - Filtering out resource: marquez/db/migrations/V44_3_BackfillJobsWithParents$JobParent.class (filename: V44_3_BackfillJobsWithParents$JobParent.class)
10:12:25.503 [Test worker] DEBUG org.flywaydb.core.internal.scanner.Scanner - Filtering out resource: marquez/db/migrations/V44_1__UpdateRunsWithJobUUID.class (filename: V44_1__UpdateRunsWithJobUUID.class)
10:12:25.503 [Test worker] DEBUG org.flywaydb.core.internal.scanner.Scanner - Filtering out resource: marquez/db/migrations/V67_2_JobFacetsBackfillJobVersionTest$1.class (filename: V67_2_JobFacetsBackfillJobVersionTest$1.class)
10:12:25.503 [Test worker] DEBUG org.flywaydb.core.internal.scanner.Scanner - Filtering out resource: marquez/db/migrations/V57_1__BackfillFacetsTest.class (filename: V57_1__BackfillFacetsTest.class)
10:12:25.503 [Test worker] DEBUG org.flywaydb.core.internal.scanner.Scanner - Filtering out resource: marquez/db/migrations/V66_3_JobFacetsBackfillJobVersion.class (filename: V66_3_JobFacetsBackfillJobVersion.class)
10:12:25.503 [Test worker] DEBUG org.flywaydb.core.internal.scanner.Scanner - Filtering out resource: marquez/db/migrations/V44_2__BackfillAirflowParentRuns.class (filename: V44_2__BackfillAirflowParentRuns.class)
10:12:25.503 [Test worker] DEBUG org.flywaydb.core.internal.scanner.Scanner - Filtering out resource: marquez/db/migrations/V57_BackfillFacetsPerformanceTest.class (filename: V57_BackfillFacetsPerformanceTest.class)
10:12:25.503 [Test worker] DEBUG org.flywaydb.core.internal.scanner.Scanner - Filtering out resource: marquez/db/migrations/V66_3_JobFacetsBackfillJobVersionTest$1.class (filename: V66_3_JobFacetsBackfillJobVersionTest$1.class)
10:12:25.503 [Test worker] DEBUG org.flywaydb.core.internal.scanner.Scanner - Filtering out resource: marquez/db/migrations/V57_1__BackfillFacetsTest$JobFacet.class (filename: V57_1__BackfillFacetsTest$JobFacet.class)
10:12:25.503 [Test worker] DEBUG org.flywaydb.core.internal.scanner.Scanner - Filtering out resource: marquez/db/migrations/V57_1__BackfillFacetsTest$RunFacet.class (filename: V57_1__BackfillFacetsTest$RunFacet.class)
10:12:25.510 [Test worker] DEBUG org.flywaydb.core.internal.command.DbValidate - Validating migrations ...
10:12:25.514 [Test worker] DEBUG org.flywaydb.core.internal.scanner.Scanner - Filtering out resource: marquez/db/migration/R__2_Runs_view.sql (filename: R__2_Runs_view.sql)
10:12:25.515 [Test worker] DEBUG org.flywaydb.core.internal.scanner.Scanner - Filtering out resource: marquez/db/migration/R__1_Jobs_view_and_rewrite_function.sql (filename: R__1_Jobs_view_and_rewrite_function.sql)
10:12:25.515 [Test worker] DEBUG org.flywaydb.core.internal.scanner.Scanner - Filtering out resource: marquez/db/migration/V57__readme.md (filename: V57__readme.md)
10:12:25.515 [Test worker] DEBUG org.flywaydb.core.internal.scanner.Scanner - Filtering out resource: marquez/db/migration/R__3_Datasets_view.sql (filename: R__3_Datasets_view.sql)
10:12:25.515 [Test worker] DEBUG org.flywaydb.core.internal.scanner.Scanner - Filtering out resource: marquez/db/migrations/V44_3_BackfillJobsWithParents.class (filename: V44_3_BackfillJobsWithParents.class)
10:12:25.515 [Test worker] DEBUG org.flywaydb.core.internal.scanner.Scanner - Filtering out resource: marquez/db/migrations/V67_2_JobFacetsBackfillJobVersionTest.class (filename: V67_2_JobFacetsBackfillJobVersionTest.class)
10:12:25.515 [Test worker] DEBUG org.flywaydb.core.internal.scanner.Scanner - Filtering out resource: marquez/db/migrations/V57_1__BackfillFacets.class (filename: V57_1__BackfillFacets.class)
10:12:25.515 [Test worker] DEBUG org.flywaydb.core.internal.scanner.Scanner - Filtering out resource: marquez/db/migrations/V57_1__BackfillFacetsTest$DatasetFacet.class (filename: V57_1__BackfillFacetsTest$DatasetFacet.class)
10:12:25.515 [Test worker] DEBUG org.flywaydb.core.internal.scanner.Scanner - Filtering out resource: marquez/db/migrations/V67_2_JobVersionsIOMappingBackfillJob.class (filename: V67_2_JobVersionsIOMappingBackfillJob.class)
10:12:25.515 [Test worker] DEBUG org.flywaydb.core.internal.scanner.Scanner - Filtering out resource: marquez/db/migrations/V66_3_JobFacetsBackfillJobVersionTest.class (filename: V66_3_JobFacetsBackfillJobVersionTest.class)
10:12:25.515 [Test worker] DEBUG org.flywaydb.core.internal.scanner.Scanner - Filtering out resource: marquez/db/migrations/V56_1__FacetViews.class (filename: V56_1__FacetViews.class)
10:12:25.515 [Test worker] DEBUG org.flywaydb.core.internal.scanner.Scanner - Filtering out resource: marquez/db/migrations/V44_2__BackfillAirflowParentRuns$ParentRun.class (filename: V44_2__BackfillAirflowParentRuns$ParentRun.class)
10:12:25.515 [Test worker] DEBUG org.flywaydb.core.internal.scanner.Scanner - Filtering out resource: marquez/db/migrations/V44_3_BackfillJobsWithParents$JobParent.class (filename: V44_3_BackfillJobsWithParents$JobParent.class)
10:12:25.515 [Test worker] DEBUG org.flywaydb.core.internal.scanner.Scanner - Filtering out resource: marquez/db/migrations/V44_1__UpdateRunsWithJobUUID.class (filename: V44_1__UpdateRunsWithJobUUID.class)
10:12:25.515 [Test worker] DEBUG org.flywaydb.core.internal.scanner.Scanner - Filtering out resource: marquez/db/migrations/V67_2_JobFacetsBackfillJobVersionTest$1.class (filename: V67_2_JobFacetsBackfillJobVersionTest$1.class)
10:12:25.515 [Test worker] DEBUG org.flywaydb.core.internal.scanner.Scanner - Filtering out resource: marquez/db/migrations/V57_1__BackfillFacetsTest.class (filename: V57_1__BackfillFacetsTest.class)
10:12:25.515 [Test worker] DEBUG org.flywaydb.core.internal.scanner.Scanner - Filtering out resource: marquez/db/migrations/V66_3_JobFacetsBackfillJobVersion.class (filename: V66_3_JobFacetsBackfillJobVersion.class)
10:12:25.515 [Test worker] DEBUG org.flywaydb.core.internal.scanner.Scanner - Filtering out resource: marquez/db/migrations/V44_2__BackfillAirflowParentRuns.class (filename: V44_2__BackfillAirflowParentRuns.class)
10:12:25.515 [Test worker] DEBUG org.flywaydb.core.internal.scanner.Scanner - Filtering out resource: marquez/db/migrations/V57_BackfillFacetsPerformanceTest.class (filename: V57_BackfillFacetsPerformanceTest.class)
10:12:25.515 [Test worker] DEBUG org.flywaydb.core.internal.scanner.Scanner - Filtering out resource: marquez/db/migrations/V66_3_JobFacetsBackfillJobVersionTest$1.class (filename: V66_3_JobFacetsBackfillJobVersionTest$1.class)
10:12:25.515 [Test worker] DEBUG org.flywaydb.core.internal.scanner.Scanner - Filtering out resource: marquez/db/migrations/V57_1__BackfillFacetsTest$JobFacet.class (filename: V57_1__BackfillFacetsTest$JobFacet.class)
10:12:25.515 [Test worker] DEBUG org.flywaydb.core.internal.scanner.Scanner - Filtering out resource: marquez/db/migrations/V57_1__BackfillFacetsTest$RunFacet.class (filename: V57_1__BackfillFacetsTest$RunFacet.class)
10:12:25.540 [Test worker] DEBUG org.flywaydb.core.internal.scanner.Scanner - Filtering out resource: marquez/db/migration/V18__drop_dataset_constraint.sql (filename: V18__drop_dataset_constraint.sql)
10:12:25.540 [Test worker] DEBUG org.flywaydb.core.internal.scanner.Scanner - Filtering out resource: marquez/db/migration/V63__alter_tables_add_on_cascade_delete.sql (filename: V63__alter_tables_add_on_cascade_delete.sql)
10:12:25.540 [Test worker] DEBUG org.flywaydb.core.internal.scanner.Scanner - Filtering out resource: marquez/db/migration/V30__alter_runs_change_transitioned_at_type.sql (filename: V30__alter_runs_change_transitioned_at_type.sql)
10:12:25.540 [Test worker] DEBUG org.flywaydb.core.internal.scanner.Scanner - Filtering out resource: marquez/db/migration/V29__alter_dataset_versions_add_fields.sql (filename: V29__alter_dataset_versions_add_fields.sql)
10:12:25.540 [Test worker] DEBUG org.flywaydb.core.internal.scanner.Scanner - Filtering out resource: marquez/db/migration/V44__runs_job_versions_add_job_uuid.sql (filename: V44__runs_job_versions_add_job_uuid.sql)
10:12:25.540 [Test worker] DEBUG org.flywaydb.core.internal.scanner.Scanner - Filtering out resource: marquez/db/migration/V19__alter_run_to_add_external_id.sql (filename: V19__alter_run_to_add_external_id.sql)
10:12:25.540 [Test worker] DEBUG org.flywaydb.core.internal.scanner.Scanner - Filtering out resource: marquez/db/migration/V40__alter_tables_resize_namespace_and_connection_url.sql (filename: V40__alter_tables_resize_namespace_and_connection_url.sql)
10:12:25.540 [Test worker] DEBUG org.flywaydb.core.internal.scanner.Scanner - Filtering out resource: marquez/db/migration/V64__drop_job_contexts.sql (filename: V64__drop_job_contexts.sql)
10:12:25.540 [Test worker] DEBUG org.flywaydb.core.internal.scanner.Scanner - Filtering out resource: marquez/db/migration/V4__add_dataset_fields.sql (filename: V4__add_dataset_fields.sql)
10:12:25.540 [Test worker] DEBUG org.flywaydb.core.internal.scanner.Scanner - Filtering out resource: marquez/db/migration/V55.1__add_dataset_facets.sql (filename: V55.1__add_dataset_facets.sql)
10:12:25.540 [Test worker] DEBUG org.flywaydb.core.internal.scanner.Scanner - Filtering out resource: marquez/db/migration/V67.1__job_versions_io_mapping_add_job_reference.sql (filename: V67.1__job_versions_io_mapping_add_job_reference.sql)
10:12:25.540 [Test worker] DEBUG org.flywaydb.core.internal.scanner.Scanner - Filtering out resource: marquez/db/migration/V35__drop_io_mapping_tables.sql (filename: V35__drop_io_mapping_tables.sql)
10:12:25.540 [Test worker] DEBUG org.flywaydb.core.internal.scanner.Scanner - Filtering out resource: marquez/db/migration/V55.3__add_run_facets.sql (filename: V55.3__add_run_facets.sql)
10:12:25.540 [Test worker] DEBUG org.flywaydb.core.internal.scanner.Scanner - Filtering out resource: marquez/db/migration/V8__alter_datasets_to_change_unique_constraint.sql (filename: V8__alter_datasets_to_change_unique_constraint.sql)
10:12:25.540 [Test worker] DEBUG org.flywaydb.core.internal.scanner.Scanner - Filtering out resource: marquez/db/migration/V9__alter_sources_to_drop_composite_unique_constraint.sql (filename: V9__alter_sources_to_drop_composite_unique_constraint.sql)
10:12:25.540 [Test worker] DEBUG org.flywaydb.core.internal.scanner.Scanner - Filtering out resource: marquez/db/migration/V6__alter_datasets_to_add_last_modified.sql (filename: V6__alter_datasets_to_add_last_modified.sql)
10:12:25.540 [Test worker] DEBUG org.flywaydb.core.internal.scanner.Scanner - Filtering out resource: marquez/db/migration/V60__alter_job_versions_to_drop_job_context_uuid.sql (filename: V60__alter_job_versions_to_drop_job_context_uuid.sql)
10:12:25.540 [Test worker] DEBUG org.flywaydb.core.internal.scanner.Scanner - Filtering out resource: marquez/db/migration/V3__drop_not_null_constraint_on_job_location.sql (filename: V3__drop_not_null_constraint_on_job_location.sql)
10:12:25.540 [Test worker] DEBUG org.flywaydb.core.internal.scanner.Scanner - Filtering out resource: marquez/db/migration/V10__drop_unique_constraint_on_job_name.sql (filename: V10__drop_unique_constraint_on_job_name.sql)
10:12:25.540 [Test worker] DEBUG org.flywaydb.core.internal.scanner.Scanner - Filtering out resource: marquez/db/migration/V52__alter_dataset_symlinks.sql (filename: V52__alter_dataset_symlinks.sql)
10:12:25.540 [Test worker] DEBUG org.flywaydb.core.internal.scanner.Scanner - Filtering out resource: marquez/db/migration/V15__index_created_at_and_current_run_state_on_runs.sql (filename: V15__index_created_at_and_current_run_state_on_runs.sql)
10:12:25.541 [Test worker] DEBUG org.flywaydb.core.internal.scanner.Scanner - Filtering out resource: marquez/db/migration/V43__alter_jobs_add_job_parent_uuid.sql (filename: V43__alter_jobs_add_job_parent_uuid.sql)
10:12:25.541 [Test worker] DEBUG org.flywaydb.core.internal.scanner.Scanner - Filtering out resource: marquez/db/migration/V42__add_job_symlink_target.sql (filename: V42__add_job_symlink_target.sql)
10:12:25.541 [Test worker] DEBUG org.flywaydb.core.internal.scanner.Scanner - Filtering out resource: marquez/db/migration/V16__index_created_at_on_runs.sql (filename: V16__index_created_at_on_runs.sql)
10:12:25.541 [Test worker] DEBUG org.flywaydb.core.internal.scanner.Scanner - Filtering out resource: marquez/db/migration/V31__alter_job_io_mapping.sql (filename: V31__alter_job_io_mapping.sql)
10:12:25.541 [Test worker] DEBUG org.flywaydb.core.internal.scanner.Scanner - Filtering out resource: marquez/db/migration/V53__add_hidden_namespace.sql (filename: V53__add_hidden_namespace.sql)
10:12:25.541 [Test worker] DEBUG org.flywaydb.core.internal.scanner.Scanner - Filtering out resource: marquez/db/migration/V37__alter_dataset_fields_to_change_type.sql (filename: V37__alter_dataset_fields_to_change_type.sql)
10:12:25.541 [Test worker] DEBUG org.flywaydb.core.internal.scanner.Scanner - Filtering out resource: marquez/db/migration/V57.1__add_migration_lock.sql (filename: V57.1__add_migration_lock.sql)
10:12:25.541 [Test worker] DEBUG org.flywaydb.core.internal.scanner.Scanner - Filtering out resource: marquez/db/migration/V5__add_tags.sql (filename: V5__add_tags.sql)
10:12:25.541 [Test worker] DEBUG org.flywaydb.core.internal.scanner.Scanner - Filtering out resource: marquez/db/migration/V22__alter_job_versions_to_add_namespace.sql (filename: V22__alter_job_versions_to_add_namespace.sql)
10:12:25.541 [Test worker] DEBUG org.flywaydb.core.internal.scanner.Scanner - Filtering out resource: marquez/db/migration/V46__add_hidden_column_to_jobs_and_datasets.sql (filename: V46__add_hidden_column_to_jobs_and_datasets.sql)
10:12:25.541 [Test worker] DEBUG org.flywaydb.core.internal.scanner.Scanner - Filtering out resource: marquez/db/migration/V48__dataset_symlinks.sql (filename: V48__dataset_symlinks.sql)
10:12:25.541 [Test worker] DEBUG org.flywaydb.core.internal.scanner.Scanner - Filtering out resource: marquez/db/migration/V12__alter_dataset_fields_to_change_unique_constraint.sql (filename: V12__alter_dataset_fields_to_change_unique_constraint.sql)
10:12:25.541 [Test worker] DEBUG org.flywaydb.core.internal.scanner.Scanner - Filtering out resource: marquez/db/migration/V51__job_indices_for_lineage.sql (filename: V51__job_indices_for_lineage.sql)
10:12:25.541 [Test worker] DEBUG org.flywaydb.core.internal.scanner.Scanner - Filtering out resource: marquez/db/migration/V24__alter_jobs.sql (filename: V24__alter_jobs.sql)
10:12:25.541 [Test worker] DEBUG org.flywaydb.core.internal.scanner.Scanner - Filtering out resource: marquez/db/migration/V57__readme.md (filename: V57__readme.md)
10:12:25.541 [Test worker] DEBUG org.flywaydb.core.internal.scanner.Scanner - Filtering out resource: marquez/db/migration/V65__alter_dataset_facets_to_change_lineage_event_type_as_nullable.sql (filename: V65__alter_dataset_facets_to_change_lineage_event_type_as_nullable.sql)
10:12:25.541 [Test worker] DEBUG org.flywaydb.core.internal.scanner.Scanner - Filtering out resource: marquez/db/migration/V58__job_fqn_name_index.sql (filename: V58__job_fqn_name_index.sql)
10:12:25.541 [Test worker] DEBUG org.flywaydb.core.internal.scanner.Scanner - Filtering out resource: marquez/db/migration/V7__alter_run_args_to_change_args.sql (filename: V7__alter_run_args_to_change_args.sql)
10:12:25.541 [Test worker] DEBUG org.flywaydb.core.internal.scanner.Scanner - Filtering out resource: marquez/db/migration/V41__add_operation_to_dataset_versions.sql (filename: V41__add_operation_to_dataset_versions.sql)
10:12:25.541 [Test worker] DEBUG org.flywaydb.core.internal.scanner.Scanner - Filtering out resource: marquez/db/migration/V34__drop_not_null_constraint_on_field_type.sql (filename: V34__drop_not_null_constraint_on_field_type.sql)
10:12:25.541 [Test worker] DEBUG org.flywaydb.core.internal.scanner.Scanner - Filtering out resource: marquez/db/migration/V36__drop_run_id_column_in_lineage_events.sql (filename: V36__drop_run_id_column_in_lineage_events.sql)
10:12:25.541 [Test worker] DEBUG org.flywaydb.core.internal.scanner.Scanner - Filtering out resource: marquez/db/migration/V38__alter_namespaces_to_resize_name.sql (filename: V38__alter_namespaces_to_resize_name.sql)
10:12:25.541 [Test worker] DEBUG org.flywaydb.core.internal.scanner.Scanner - Filtering out resource: marquez/db/migration/V23__alter_runs.sql (filename: V23__alter_runs.sql)
10:12:25.541 [Test worker] DEBUG org.flywaydb.core.internal.scanner.Scanner - Filtering out resource: marquez/db/migration/V25__alter_datasets.sql (filename: V25__alter_datasets.sql)
10:12:25.541 [Test worker] DEBUG org.flywaydb.core.internal.scanner.Scanner - Filtering out resource: marquez/db/migration/V21__alter_jobs_to_add_namespace_name.sql (filename: V21__alter_jobs_to_add_namespace_name.sql)
10:12:25.541 [Test worker] DEBUG org.flywaydb.core.internal.scanner.Scanner - Filtering out resource: marquez/db/migration/V39__alter_sources_to_resize_name.sql (filename: V39__alter_sources_to_resize_name.sql)
10:12:25.541 [Test worker] DEBUG org.flywaydb.core.internal.scanner.Scanner - Filtering out resource: marquez/db/migration/V26__alter_jobs_change_type.sql (filename: V26__alter_jobs_change_type.sql)
10:12:25.541 [Test worker] DEBUG org.flywaydb.core.internal.scanner.Scanner - Filtering out resource: marquez/db/migration/V50__index_dataset_fields.sql (filename: V50__index_dataset_fields.sql)
10:12:25.541 [Test worker] DEBUG org.flywaydb.core.internal.scanner.Scanner - Filtering out resource: marquez/db/migration/V17.1__unique_version_constraint.sql (filename: V17.1__unique_version_constraint.sql)
10:12:25.541 [Test worker] DEBUG org.flywaydb.core.internal.scanner.Scanner - Filtering out resource: marquez/db/migration/V17.2__open_lineage.sql (filename: V17.2__open_lineage.sql)
10:12:25.541 [Test worker] DEBUG org.flywaydb.core.internal.scanner.Scanner - Filtering out resource: marquez/db/migration/V62__index_run_states_and_parent_run.sql (filename: V62__index_run_states_and_parent_run.sql)
10:12:25.541 [Test worker] DEBUG org.flywaydb.core.internal.scanner.Scanner - Filtering out resource: marquez/db/migration/V66.2__alter_lineage_events_add_event_type.sql (filename: V66.2__alter_lineage_events_add_event_type.sql)
10:12:25.541 [Test worker] DEBUG org.flywaydb.core.internal.scanner.Scanner - Filtering out resource: marquez/db/migration/V27__alter_runs_add_context.sql (filename: V27__alter_runs_add_context.sql)
10:12:25.541 [Test worker] DEBUG org.flywaydb.core.internal.scanner.Scanner - Filtering out resource: marquez/db/migration/V45__update_jobs_view_rule.sql (filename: V45__update_jobs_view_rule.sql)
10:12:25.541 [Test worker] DEBUG org.flywaydb.core.internal.scanner.Scanner - Filtering out resource: marquez/db/migration/V54__lineage_events_created_at_indexed.sql (filename: V54__lineage_events_created_at_indexed.sql)
10:12:25.541 [Test worker] DEBUG org.flywaydb.core.internal.scanner.Scanner - Filtering out resource: marquez/db/migration/V59.1__column_lineage_add_indexes.sql (filename: V59.1__column_lineage_add_indexes.sql)
10:12:25.541 [Test worker] DEBUG org.flywaydb.core.internal.scanner.Scanner - Filtering out resource: marquez/db/migration/V2.1__alter_job_versions_to_add_job_context_uuid.sql (filename: V2.1__alter_job_versions_to_add_job_context_uuid.sql)
10:12:25.541 [Test worker] DEBUG org.flywaydb.core.internal.scanner.Scanner - Filtering out resource: marquez/db/migration/V55.2__add_job_facets.sql (filename: V55.2__add_job_facets.sql)
10:12:25.541 [Test worker] DEBUG org.flywaydb.core.internal.scanner.Scanner - Filtering out resource: marquez/db/migration/V14__index_datasetversion_datasetid.sql (filename: V14__index_datasetversion_datasetid.sql)
10:12:25.541 [Test worker] DEBUG org.flywaydb.core.internal.scanner.Scanner - Filtering out resource: marquez/db/migration/V28__update_jobs_fix_inputs.sql (filename: V28__update_jobs_fix_inputs.sql)
10:12:25.541 [Test worker] DEBUG org.flywaydb.core.internal.scanner.Scanner - Filtering out resource: marquez/db/migration/V47__add_lineage_event_indexes.sql (filename: V47__add_lineage_event_indexes.sql)
10:12:25.541 [Test worker] DEBUG org.flywaydb.core.internal.scanner.Scanner - Filtering out resource: marquez/db/migration/V49__column_lineage.sql (filename: V49__column_lineage.sql)
10:12:25.541 [Test worker] DEBUG org.flywaydb.core.internal.scanner.Scanner - Filtering out resource: marquez/db/migration/V59.2__facet_tables_indexes.sql (filename: V59.2__facet_tables_indexes.sql)
10:12:25.541 [Test worker] DEBUG org.flywaydb.core.internal.scanner.Scanner - Filtering out resource: marquez/db/migration/V11__alter_datasets_to_rename_last_modified.sql (filename: V11__alter_datasets_to_rename_last_modified.sql)
10:12:25.541 [Test worker] DEBUG org.flywaydb.core.internal.scanner.Scanner - Filtering out resource: marquez/db/migration/V2__add_job_contexts.sql (filename: V2__add_job_contexts.sql)
10:12:25.541 [Test worker] DEBUG org.flywaydb.core.internal.scanner.Scanner - Filtering out resource: marquez/db/migration/V1__initial_schema.sql (filename: V1__initial_schema.sql)
10:12:25.541 [Test worker] DEBUG org.flywaydb.core.internal.scanner.Scanner - Filtering out resource: marquez/db/migration/V66.1__alter_job_facets.sql (filename: V66.1__alter_job_facets.sql)
10:12:25.541 [Test worker] DEBUG org.flywaydb.core.internal.scanner.Scanner - Filtering out resource: marquez/db/migration/V20__drop_lineage_pk.sql (filename: V20__drop_lineage_pk.sql)
10:12:25.541 [Test worker] DEBUG org.flywaydb.core.internal.scanner.Scanner - Filtering out resource: marquez/db/migration/V32__index_runs_created_at.sql (filename: V32__index_runs_created_at.sql)
10:12:25.541 [Test worker] DEBUG org.flywaydb.core.internal.scanner.Scanner - Filtering out resource: marquez/db/migration/V33__index_lineage_events_run_id.sql (filename: V33__index_lineage_events_run_id.sql)
10:12:25.541 [Test worker] DEBUG org.flywaydb.core.internal.scanner.Scanner - Filtering out resource: marquez/db/migration/V13__alter_run_add_start_end_state.sql (filename: V13__alter_run_add_start_end_state.sql)
10:12:25.541 [Test worker] DEBUG org.flywaydb.core.internal.scanner.Scanner - Filtering out resource: marquez/db/migration/V61__unique_job_fqn_index.sql (filename: V61__unique_job_fqn_index.sql)
10:12:25.541 [Test worker] DEBUG org.flywaydb.core.internal.scanner.Scanner - Filtering out resource: marquez/db/migrations/V44_3_BackfillJobsWithParents.class (filename: V44_3_BackfillJobsWithParents.class)
10:12:25.541 [Test worker] DEBUG org.flywaydb.core.internal.scanner.Scanner - Filtering out resource: marquez/db/migrations/V67_2_JobFacetsBackfillJobVersionTest.class (filename: V67_2_JobFacetsBackfillJobVersionTest.class)
10:12:25.541 [Test worker] DEBUG org.flywaydb.core.internal.scanner.Scanner - Filtering out resource: marquez/db/migrations/V57_1__BackfillFacets.class (filename: V57_1__BackfillFacets.class)
10:12:25.541 [Test worker] DEBUG org.flywaydb.core.internal.scanner.Scanner - Filtering out resource: marquez/db/migrations/V57_1__BackfillFacetsTest$DatasetFacet.class (filename: V57_1__BackfillFacetsTest$DatasetFacet.class)
10:12:25.541 [Test worker] DEBUG org.flywaydb.core.internal.scanner.Scanner - Filtering out resource: marquez/db/migrations/V67_2_JobVersionsIOMappingBackfillJob.class (filename: V67_2_JobVersionsIOMappingBackfillJob.class)
10:12:25.541 [Test worker] DEBUG org.flywaydb.core.internal.scanner.Scanner - Filtering out resource: marquez/db/migrations/V66_3_JobFacetsBackfillJobVersionTest.class (filename: V66_3_JobFacetsBackfillJobVersionTest.class)
10:12:25.541 [Test worker] DEBUG org.flywaydb.core.internal.scanner.Scanner - Filtering out resource: marquez/db/migrations/V56_1__FacetViews.class (filename: V56_1__FacetViews.class)
10:12:25.541 [Test worker] DEBUG org.flywaydb.core.internal.scanner.Scanner - Filtering out resource: marquez/db/migrations/V44_2__BackfillAirflowParentRuns$ParentRun.class (filename: V44_2__BackfillAirflowParentRuns$ParentRun.class)
10:12:25.541 [Test worker] DEBUG org.flywaydb.core.internal.scanner.Scanner - Filtering out resource: marquez/db/migrations/V44_3_BackfillJobsWithParents$JobParent.class (filename: V44_3_BackfillJobsWithParents$JobParent.class)
10:12:25.541 [Test worker] DEBUG org.flywaydb.core.internal.scanner.Scanner - Filtering out resource: marquez/db/migrations/V44_1__UpdateRunsWithJobUUID.class (filename: V44_1__UpdateRunsWithJobUUID.class)
10:12:25.541 [Test worker] DEBUG org.flywaydb.core.internal.scanner.Scanner - Filtering out resource: marquez/db/migrations/V67_2_JobFacetsBackfillJobVersionTest$1.class (filename: V67_2_JobFacetsBackfillJobVersionTest$1.class)
10:12:25.541 [Test worker] DEBUG org.flywaydb.core.internal.scanner.Scanner - Filtering out resource: marquez/db/migrations/V57_1__BackfillFacetsTest.class (filename: V57_1__BackfillFacetsTest.class)
10:12:25.541 [Test worker] DEBUG org.flywaydb.core.internal.scanner.Scanner - Filtering out resource: marquez/db/migrations/V66_3_JobFacetsBackfillJobVersion.class (filename: V66_3_JobFacetsBackfillJobVersion.class)
10:12:25.541 [Test worker] DEBUG org.flywaydb.core.internal.scanner.Scanner - Filtering out resource: marquez/db/migrations/V44_2__BackfillAirflowParentRuns.class (filename: V44_2__BackfillAirflowParentRuns.class)
10:12:25.541 [Test worker] DEBUG org.flywaydb.core.internal.scanner.Scanner - Filtering out resource: marquez/db/migrations/V57_BackfillFacetsPerformanceTest.class (filename: V57_BackfillFacetsPerformanceTest.class)
10:12:25.541 [Test worker] DEBUG org.flywaydb.core.internal.scanner.Scanner - Filtering out resource: marquez/db/migrations/V66_3_JobFacetsBackfillJobVersionTest$1.class (filename: V66_3_JobFacetsBackfillJobVersionTest$1.class)
10:12:25.541 [Test worker] DEBUG org.flywaydb.core.internal.scanner.Scanner - Filtering out resource: marquez/db/migrations/V57_1__BackfillFacetsTest$JobFacet.class (filename: V57_1__BackfillFacetsTest$JobFacet.class)
10:12:25.541 [Test worker] DEBUG org.flywaydb.core.internal.scanner.Scanner - Filtering out resource: marquez/db/migrations/V57_1__BackfillFacetsTest$RunFacet.class (filename: V57_1__BackfillFacetsTest$RunFacet.class)
10:12:25.561 [Test worker] INFO org.flywaydb.core.internal.command.DbValidate - Successfully validated 82 migrations (execution time 00:00.050s)
10:12:25.573 [Test worker] DEBUG org.flywaydb.core.internal.command.DbSchemas - Skipping creation of existing schema: "public"
10:12:25.579 [Test worker] INFO org.flywaydb.core.internal.schemahistory.JdbcTableSchemaHistory - Creating Schema History table "public"."flyway_schema_history" ...
10:12:25.581 [Test worker] DEBUG org.flywaydb.core.internal.parser.Parser - Parsing  ...
10:12:25.584 [Test worker] DEBUG org.flywaydb.core.internal.sqlscript.ParserSqlScript - Found statement at line 1: CREATE TABLE "public"."flyway_schema_history" (
    "installed_rank" INT NOT NULL,
    "version" VARCHAR(50),
    "description" VARCHAR(200) NOT NULL,
    "type" VARCHAR(20) NOT NULL,
    "script" VARCHAR(1000) NOT NULL,
    "checksum" INTEGER,
    "installed_by" VARCHAR(100) NOT NULL,
    "installed_on" TIMESTAMP NOT NULL DEFAULT now(),
    "execution_time" INTEGER NOT NULL,
    "success" BOOLEAN NOT NULL
)
10:12:25.585 [Test worker] DEBUG org.flywaydb.core.internal.sqlscript.ParserSqlScript - Found statement at line 13: ALTER TABLE "public"."flyway_schema_history" ADD CONSTRAINT "flyway_schema_history_pk" PRIMARY KEY ("installed_rank")
10:12:25.585 [Test worker] DEBUG org.flywaydb.core.internal.sqlscript.ParserSqlScript - Found statement at line 14: CREATE INDEX "flyway_schema_history_s_idx" ON "public"."flyway_schema_history" ("success")
10:12:25.585 [Test worker] DEBUG org.flywaydb.core.internal.sqlscript.DefaultSqlScriptExecutor - Executing SQL: CREATE TABLE "public"."flyway_schema_history" (
    "installed_rank" INT NOT NULL,
    "version" VARCHAR(50),
    "description" VARCHAR(200) NOT NULL,
    "type" VARCHAR(20) NOT NULL,
    "script" VARCHAR(1000) NOT NULL,
    "checksum" INTEGER,
    "installed_by" VARCHAR(100) NOT NULL,
    "installed_on" TIMESTAMP NOT NULL DEFAULT now(),
    "execution_time" INTEGER NOT NULL,
    "success" BOOLEAN NOT NULL
)
10:12:25.590 [Test worker] DEBUG org.flywaydb.core.internal.sqlscript.DefaultSqlScriptExecutor - 0 rows affected
10:12:25.590 [Test worker] DEBUG org.flywaydb.core.internal.sqlscript.DefaultSqlScriptExecutor - Executing SQL: ALTER TABLE "public"."flyway_schema_history" ADD CONSTRAINT "flyway_schema_history_pk" PRIMARY KEY ("installed_rank")
10:12:25.592 [Test worker] DEBUG org.flywaydb.core.internal.sqlscript.DefaultSqlScriptExecutor - 0 rows affected
10:12:25.592 [Test worker] DEBUG org.flywaydb.core.internal.sqlscript.DefaultSqlScriptExecutor - Executing SQL: CREATE INDEX "flyway_schema_history_s_idx" ON "public"."flyway_schema_history" ("success")
10:12:25.593 [Test worker] DEBUG org.flywaydb.core.internal.sqlscript.DefaultSqlScriptExecutor - 0 rows affected
10:12:25.593 [Test worker] DEBUG org.flywaydb.core.internal.schemahistory.JdbcTableSchemaHistory - Created Schema History table "public"."flyway_schema_history"
10:12:25.607 [Test worker] INFO org.flywaydb.core.internal.command.DbMigrate - Current version of schema "public": << Empty Schema >>
10:12:25.607 [Test worker] DEBUG org.flywaydb.core.internal.parser.Parser - Parsing V1__initial_schema.sql ...
10:12:25.609 [Test worker] DEBUG org.flywaydb.core.internal.sqlscript.ParserSqlScript - Found statement at line 3: /* SPDX-License-Identifier: Apache-2.0 */

CREATE TABLE namespaces (
  uuid               UUID PRIMARY KEY,
  created_at         TIMESTAMP NOT NULL,
  updated_at         TIMESTAMP NOT NULL,
  name               VARCHAR(64) UNIQUE NOT NULL,
  description        TEXT,
  current_owner_name VARCHAR(64)
)
10:12:25.610 [Test worker] DEBUG org.flywaydb.core.internal.sqlscript.ParserSqlScript - Found statement at line 12: CREATE TABLE owners (
  uuid       UUID PRIMARY KEY,
  created_at TIMESTAMP NOT NULL,
  name       VARCHAR(64) UNIQUE NOT NULL
)
10:12:25.610 [Test worker] DEBUG org.flywaydb.core.internal.sqlscript.ParserSqlScript - Found statement at line 18: CREATE TABLE namespace_ownerships (
  uuid           UUID PRIMARY KEY,
  started_at     TIMESTAMP NOT NULL,
  ended_at       TIMESTAMP,
  namespace_uuid UUID REFERENCES namespaces(uuid),
  owner_uuid     UUID REFERENCES owners(uuid),
  UNIQUE (namespace_uuid, owner_uuid)
)
10:12:25.611 [Test worker] DEBUG org.flywaydb.core.internal.sqlscript.ParserSqlScript - Found statement at line 27: CREATE TABLE sources (
  uuid           UUID PRIMARY KEY,
  type           VARCHAR(64) NOT NULL,
  created_at     TIMESTAMP NOT NULL,
  updated_at     TIMESTAMP NOT NULL,
  name           VARCHAR(64) UNIQUE NOT NULL,
  connection_url VARCHAR(255) NOT NULL,
  description    TEXT,
  UNIQUE (name, connection_url)
)
10:12:25.612 [Test worker] DEBUG org.flywaydb.core.internal.sqlscript.ParserSqlScript - Found statement at line 38: CREATE TABLE datasets (
  uuid                 UUID PRIMARY KEY,
  type                 VARCHAR(64) NOT NULL,
  created_at           TIMESTAMP NOT NULL,
  updated_at           TIMESTAMP NOT NULL,
  namespace_uuid       UUID REFERENCES namespaces(uuid),
  source_uuid          UUID REFERENCES sources(uuid),
  name                 VARCHAR(255) NOT NULL,
  physical_name        VARCHAR(255) NOT NULL,
  description          TEXT,
  current_version_uuid UUID,
  UNIQUE (namespace_uuid, source_uuid, name, physical_name)
)
10:12:25.613 [Test worker] DEBUG org.flywaydb.core.internal.sqlscript.ParserSqlScript - Found statement at line 52: CREATE TABLE jobs (
  uuid                 UUID PRIMARY KEY,
  type                 VARCHAR(64) NOT NULL,
  created_at           TIMESTAMP NOT NULL,
  updated_at           TIMESTAMP NOT NULL,
  namespace_uuid       UUID REFERENCES namespaces(uuid),
  name                 VARCHAR(255) UNIQUE NOT NULL,
  description          TEXT,
  current_version_uuid UUID,
  UNIQUE (namespace_uuid, name)
)
10:12:25.613 [Test worker] DEBUG org.flywaydb.core.internal.sqlscript.ParserSqlScript - Found statement at line 64: CREATE TABLE job_versions (
  uuid            UUID PRIMARY KEY,
  created_at      TIMESTAMP NOT NULL,
  updated_at      TIMESTAMP NOT NULL,
  job_uuid        UUID REFERENCES jobs(uuid),
  version         UUID NOT NULL,
  location        VARCHAR(255) NOT NULL,
  latest_run_uuid UUID,
  UNIQUE (job_uuid, version)
)
10:12:25.613 [Test worker] DEBUG org.flywaydb.core.internal.sqlscript.ParserSqlScript - Found statement at line 75: CREATE TABLE job_versions_io_mapping (
  job_version_uuid UUID REFERENCES job_versions(uuid),
  dataset_uuid     UUID REFERENCES datasets(uuid),
  io_type          VARCHAR(64) NOT NULL,
  PRIMARY KEY (job_version_uuid, dataset_uuid, io_type)
)
10:12:25.614 [Test worker] DEBUG org.flywaydb.core.internal.sqlscript.ParserSqlScript - Found statement at line 82: CREATE TABLE run_args (
  uuid       UUID PRIMARY KEY,
  created_at TIMESTAMP NOT NULL,
  args       VARCHAR(255) NOT NULL,
  checksum   VARCHAR(255) UNIQUE NOT NULL
)
10:12:25.614 [Test worker] DEBUG org.flywaydb.core.internal.sqlscript.ParserSqlScript - Found statement at line 89: CREATE TABLE runs (
  uuid               UUID PRIMARY KEY,
  created_at         TIMESTAMP NOT NULL,
  updated_at         TIMESTAMP NOT NULL,
  job_version_uuid   UUID REFERENCES job_versions(uuid),
  run_args_uuid      UUID REFERENCES run_args(uuid),
  nominal_start_time TIMESTAMP,
  nominal_end_time   TIMESTAMP,
  current_run_state  VARCHAR(64)
)
10:12:25.616 [Test worker] DEBUG org.flywaydb.core.internal.sqlscript.ParserSqlScript - Found statement at line 100: CREATE TABLE run_states (
  uuid            UUID PRIMARY KEY,
  transitioned_at TIMESTAMP NOT NULL,
  run_uuid        UUID REFERENCES runs(uuid),
  state           VARCHAR(64) NOT NULL
)
10:12:25.618 [Test worker] DEBUG org.flywaydb.core.internal.sqlscript.ParserSqlScript - Found statement at line 107: CREATE TABLE dataset_versions (
  uuid         UUID PRIMARY KEY,
  created_at   TIMESTAMP NOT NULL,
  dataset_uuid UUID REFERENCES datasets(uuid),
  version      UUID NOT NULL,
  run_uuid     UUID,
  UNIQUE (dataset_uuid, version)
)
10:12:25.618 [Test worker] DEBUG org.flywaydb.core.internal.sqlscript.ParserSqlScript - Found statement at line 116: CREATE TABLE stream_versions (
  dataset_version_uuid UUID REFERENCES dataset_versions(uuid),
  schema_location      VARCHAR(255) UNIQUE NOT NULL
)
10:12:25.618 [Test worker] DEBUG org.flywaydb.core.internal.sqlscript.ParserSqlScript - Found statement at line 121: CREATE TABLE runs_input_mapping (
  run_uuid             UUID REFERENCES runs(uuid),
  dataset_version_uuid UUID REFERENCES dataset_versions(uuid),
  PRIMARY KEY (run_uuid, dataset_version_uuid)
)
10:12:25.619 [Test worker] DEBUG org.flywaydb.core.internal.command.DbMigrate - Starting migration of schema "public" to version "1 - initial schema" ...
10:12:25.622 [Test worker] INFO org.flywaydb.core.internal.command.DbMigrate - Migrating schema "public" to version "1 - initial schema"
10:12:25.625 [Test worker] DEBUG org.flywaydb.core.internal.sqlscript.DefaultSqlScriptExecutor - Executing SQL: /* SPDX-License-Identifier: Apache-2.0 */

CREATE TABLE namespaces (
  uuid               UUID PRIMARY KEY,
  created_at         TIMESTAMP NOT NULL,
  updated_at         TIMESTAMP NOT NULL,
  name               VARCHAR(64) UNIQUE NOT NULL,
  description        TEXT,
  current_owner_name VARCHAR(64)
)
10:12:25.628 [Test worker] DEBUG org.flywaydb.core.internal.sqlscript.DefaultSqlScriptExecutor - 0 rows affected
10:12:25.628 [Test worker] DEBUG org.flywaydb.core.internal.sqlscript.DefaultSqlScriptExecutor - Executing SQL: CREATE TABLE owners (
  uuid       UUID PRIMARY KEY,
  created_at TIMESTAMP NOT NULL,
  name       VARCHAR(64) UNIQUE NOT NULL
)
10:12:25.629 [Test worker] DEBUG org.flywaydb.core.internal.sqlscript.DefaultSqlScriptExecutor - 0 rows affected
10:12:25.630 [Test worker] DEBUG org.flywaydb.core.internal.sqlscript.DefaultSqlScriptExecutor - Executing SQL: CREATE TABLE namespace_ownerships (
  uuid           UUID PRIMARY KEY,
  started_at     TIMESTAMP NOT NULL,
  ended_at       TIMESTAMP,
  namespace_uuid UUID REFERENCES namespaces(uuid),
  owner_uuid     UUID REFERENCES owners(uuid),
  UNIQUE (namespace_uuid, owner_uuid)
)
10:12:25.632 [Test worker] DEBUG org.flywaydb.core.internal.sqlscript.DefaultSqlScriptExecutor - 0 rows affected
10:12:25.632 [Test worker] DEBUG org.flywaydb.core.internal.sqlscript.DefaultSqlScriptExecutor - Executing SQL: CREATE TABLE sources (
  uuid           UUID PRIMARY KEY,
  type           VARCHAR(64) NOT NULL,
  created_at     TIMESTAMP NOT NULL,
  updated_at     TIMESTAMP NOT NULL,
  name           VARCHAR(64) UNIQUE NOT NULL,
  connection_url VARCHAR(255) NOT NULL,
  description    TEXT,
  UNIQUE (name, connection_url)
)
10:12:25.634 [Test worker] DEBUG org.flywaydb.core.internal.sqlscript.DefaultSqlScriptExecutor - 0 rows affected
10:12:25.634 [Test worker] DEBUG org.flywaydb.core.internal.sqlscript.DefaultSqlScriptExecutor - Executing SQL: CREATE TABLE datasets (
  uuid                 UUID PRIMARY KEY,
  type                 VARCHAR(64) NOT NULL,
  created_at           TIMESTAMP NOT NULL,
  updated_at           TIMESTAMP NOT NULL,
  namespace_uuid       UUID REFERENCES namespaces(uuid),
  source_uuid          UUID REFERENCES sources(uuid),
  name                 VARCHAR(255) NOT NULL,
  physical_name        VARCHAR(255) NOT NULL,
  description          TEXT,
  current_version_uuid UUID,
  UNIQUE (namespace_uuid, source_uuid, name, physical_name)
)
10:12:25.636 [Test worker] DEBUG org.flywaydb.core.internal.sqlscript.DefaultSqlScriptExecutor - 0 rows affected
10:12:25.636 [Test worker] DEBUG org.flywaydb.core.internal.sqlscript.DefaultSqlScriptExecutor - Executing SQL: CREATE TABLE jobs (
  uuid                 UUID PRIMARY KEY,
  type                 VARCHAR(64) NOT NULL,
  created_at           TIMESTAMP NOT NULL,
  updated_at           TIMESTAMP NOT NULL,
  namespace_uuid       UUID REFERENCES namespaces(uuid),
  name                 VARCHAR(255) UNIQUE NOT NULL,
  description          TEXT,
  current_version_uuid UUID,
  UNIQUE (namespace_uuid, name)
)
10:12:25.639 [Test worker] DEBUG org.flywaydb.core.internal.sqlscript.DefaultSqlScriptExecutor - 0 rows affected
10:12:25.639 [Test worker] DEBUG org.flywaydb.core.internal.sqlscript.DefaultSqlScriptExecutor - Executing SQL: CREATE TABLE job_versions (
  uuid            UUID PRIMARY KEY,
  created_at      TIMESTAMP NOT NULL,
  updated_at      TIMESTAMP NOT NULL,
  job_uuid        UUID REFERENCES jobs(uuid),
  version         UUID NOT NULL,
  location        VARCHAR(255) NOT NULL,
  latest_run_uuid UUID,
  UNIQUE (job_uuid, version)
)
10:12:25.641 [Test worker] DEBUG org.flywaydb.core.internal.sqlscript.DefaultSqlScriptExecutor - 0 rows affected
10:12:25.641 [Test worker] DEBUG org.flywaydb.core.internal.sqlscript.DefaultSqlScriptExecutor - Executing SQL: CREATE TABLE job_versions_io_mapping (
  job_version_uuid UUID REFERENCES job_versions(uuid),
  dataset_uuid     UUID REFERENCES datasets(uuid),
  io_type          VARCHAR(64) NOT NULL,
  PRIMARY KEY (job_version_uuid, dataset_uuid, io_type)
)
10:12:25.642 [Test worker] DEBUG org.flywaydb.core.internal.sqlscript.DefaultSqlScriptExecutor - 0 rows affected
10:12:25.642 [Test worker] DEBUG org.flywaydb.core.internal.sqlscript.DefaultSqlScriptExecutor - Executing SQL: CREATE TABLE run_args (
  uuid       UUID PRIMARY KEY,
  created_at TIMESTAMP NOT NULL,
  args       VARCHAR(255) NOT NULL,
  checksum   VARCHAR(255) UNIQUE NOT NULL
)
10:12:25.644 [Test worker] DEBUG org.flywaydb.core.internal.sqlscript.DefaultSqlScriptExecutor - 0 rows affected
10:12:25.644 [Test worker] DEBUG org.flywaydb.core.internal.sqlscript.DefaultSqlScriptExecutor - Executing SQL: CREATE TABLE runs (
  uuid               UUID PRIMARY KEY,
  created_at         TIMESTAMP NOT NULL,
  updated_at         TIMESTAMP NOT NULL,
  job_version_uuid   UUID REFERENCES job_versions(uuid),
  run_args_uuid      UUID REFERENCES run_args(uuid),
  nominal_start_time TIMESTAMP,
  nominal_end_time   TIMESTAMP,
  current_run_state  VARCHAR(64)
)
10:12:25.646 [Test worker] DEBUG org.flywaydb.core.internal.sqlscript.DefaultSqlScriptExecutor - 0 rows affected
10:12:25.646 [Test worker] DEBUG org.flywaydb.core.internal.sqlscript.DefaultSqlScriptExecutor - Executing SQL: CREATE TABLE run_states (
  uuid            UUID PRIMARY KEY,
  transitioned_at TIMESTAMP NOT NULL,
  run_uuid        UUID REFERENCES runs(uuid),
  state           VARCHAR(64) NOT NULL
)
10:12:25.648 [Test worker] DEBUG org.flywaydb.core.internal.sqlscript.DefaultSqlScriptExecutor - 0 rows affected
10:12:25.648 [Test worker] DEBUG org.flywaydb.core.internal.sqlscript.DefaultSqlScriptExecutor - Executing SQL: CREATE TABLE dataset_versions (
  uuid         UUID PRIMARY KEY,
  created_at   TIMESTAMP NOT NULL,
  dataset_uuid UUID REFERENCES datasets(uuid),
  version      UUID NOT NULL,
  run_uuid     UUID,
  UNIQUE (dataset_uuid, version)
)
10:12:25.649 [Test worker] DEBUG org.flywaydb.core.internal.sqlscript.DefaultSqlScriptExecutor - 0 rows affected
[...]
           NEW.created_at,
           NEW.updated_at,
           NEW.namespace_uuid,
           full_name,
           NEW.name,
           NEW.description,
           NEW.current_version_uuid,
           NEW.namespace_name,
           NULL,
           NEW.current_location,
           NEW.current_inputs,
           NEW.symlink_target_uuid,
           NEW.parent_job_uuid,
           false
    ON CONFLICT (namespace_uuid, name)
        DO UPDATE SET updated_at               = now(),
                      parent_job_uuid = COALESCE(jobs.parent_job_uuid, EXCLUDED.parent_job_uuid),
                      simple_name = CASE
                            WHEN EXCLUDED.parent_job_uuid IS NOT NULL THEN EXCLUDED.simple_name
                            ELSE jobs.name
                            END,
                      type                     = EXCLUDED.type,
                      description              = EXCLUDED.description,
                      current_location         = EXCLUDED.current_location,
                      current_inputs           = EXCLUDED.current_inputs,
                      -- update the symlink target if null. otherwise, keep the old value
                      symlink_target_uuid      = COALESCE(jobs.symlink_target_uuid,
                                                          EXCLUDED.symlink_target_uuid),
                      is_hidden                = false
                      -- the SELECT statement below will get the OLD symlink_target_uuid in case of update and the NEW
                      -- version in case of insert
    RETURNING uuid,
        updated_at,
        symlink_target_uuid,
        (SELECT symlink_target_uuid FROM jobs j2 WHERE j2.uuid=jobs.uuid)
        INTO job_uuid, job_updated_at, new_symlink_target_uuid, old_symlink_target_uuid;


    -- update the jobs table when updating a job's symlink target
    IF (new_symlink_target_uuid IS NOT NULL AND new_symlink_target_uuid IS DISTINCT FROM old_symlink_target_uuid) THEN
        RAISE INFO 'Updating jobs aliases and symlinks due to % to job % (%)', TG_OP, NEW.name, job_uuid;
        WITH RECURSIVE
            jobs_symlink AS (SELECT j.uuid, j.uuid AS link_target_uuid, j.symlink_target_uuid
                             FROM jobs j
                             -- include only jobs that have symlinks pointing to them to keep this table small
                             INNER JOIN jobs js ON js.symlink_target_uuid=j.uuid
                             WHERE j.symlink_target_uuid IS NULL
                             UNION
                             SELECT j.uuid, jn.link_target_uuid, j.symlink_target_uuid
                             FROM jobs j
                             INNER JOIN jobs_symlink jn ON j.symlink_target_uuid = jn.uuid),
            aliases AS (SELECT s.link_target_uuid,
                               ARRAY_AGG(DISTINCT f.name) AS aliases
                        FROM jobs_symlink s
                        INNER JOIN jobs f ON f.uuid = s.uuid
                        GROUP BY s.link_target_uuid)
        UPDATE jobs
        SET aliases = j.aliases, symlink_target_uuid=j.link_target_uuid
        FROM (
                 SELECT j.uuid,
                        CASE WHEN j.uuid=s.link_target_uuid THEN NULL ELSE s.link_target_uuid END AS link_target_uuid,
                        a.aliases
                 FROM jobs j
                 LEFT JOIN jobs_symlink s ON s.uuid=j.uuid
                 LEFT JOIN aliases a ON a.link_target_uuid = j.uuid
             ) j
        WHERE jobs.uuid=j.uuid;
        UPDATE job_versions_io_mapping
        SET job_symlink_target_uuid=j.symlink_target_uuid
        FROM jobs j
        WHERE job_versions_io_mapping.job_uuid=j.uuid AND j.uuid = NEW.uuid;
    END IF;
    SELECT * INTO inserted_job FROM jobs_view
    WHERE uuid=job_uuid OR (new_symlink_target_uuid IS NOT NULL AND uuid=new_symlink_target_uuid);
    return inserted_job;
END;
$$ LANGUAGE plpgsql
10:12:26.845 [Test worker] DEBUG org.flywaydb.core.internal.sqlscript.DefaultSqlScriptExecutor - 0 rows affected
10:12:26.845 [Test worker] DEBUG org.flywaydb.core.internal.sqlscript.DefaultSqlScriptExecutor - Executing SQL: DROP TRIGGER IF EXISTS update_symlinks ON jobs_view
10:12:26.846 [Test worker] INFO org.flywaydb.core.internal.sqlscript.DefaultSqlScriptExecutor - DB: trigger "update_symlinks" for relation "jobs_view" does not exist, skipping
10:12:26.846 [Test worker] DEBUG org.flywaydb.core.internal.sqlscript.DefaultSqlScriptExecutor - 0 rows affected
10:12:26.846 [Test worker] DEBUG org.flywaydb.core.internal.sqlscript.DefaultSqlScriptExecutor - Executing SQL: CREATE TRIGGER update_symlinks
    INSTEAD OF UPDATE OR INSERT
    ON jobs_view
    FOR EACH ROW
EXECUTE FUNCTION rewrite_jobs_fqn_table()
10:12:26.847 [Test worker] DEBUG org.flywaydb.core.internal.sqlscript.DefaultSqlScriptExecutor - 0 rows affected
10:12:26.847 [Test worker] DEBUG org.flywaydb.core.internal.command.DbMigrate - Successfully completed migration of schema "public" with repeatable migration "1 Jobs view and rewrite function"
10:12:26.849 [Test worker] DEBUG org.flywaydb.core.internal.schemahistory.JdbcTableSchemaHistory - Schema History table "public"."flyway_schema_history" successfully updated to reflect changes
10:12:26.853 [Test worker] DEBUG org.flywaydb.core.internal.parser.Parser - Parsing R__2_Runs_view.sql ...
10:12:26.854 [Test worker] DEBUG org.flywaydb.core.internal.sqlscript.ParserSqlScript - Found statement at line 1: CREATE OR REPLACE VIEW runs_view
AS
SELECT r.uuid,
       r.created_at,
       r.updated_at,
       r.parent_run_uuid,
       job_version_uuid,
       run_args_uuid,
       nominal_start_time,
       nominal_end_time,
       current_run_state,
       start_run_state_uuid,
       end_run_state_uuid,
       external_id,
       location,
       transitioned_at,
       started_at,
       ended_at,
       job_context_uuid,
       job_uuid,
       COALESCE(s.name, j.name) AS job_name,
       COALESCE(s.namespace_name, j.namespace_name) AS namespace_name
FROM runs r
INNER JOIN jobs j ON j.uuid = r.job_uuid
LEFT JOIN jobs_view s ON j.symlink_target_uuid=s.uuid
10:12:26.854 [Test worker] DEBUG org.flywaydb.core.internal.command.DbMigrate - Starting migration of schema "public" with repeatable migration "2 Runs view" ...
10:12:26.856 [Test worker] INFO org.flywaydb.core.internal.command.DbMigrate - Migrating schema "public" with repeatable migration "2 Runs view"
10:12:26.857 [Test worker] DEBUG org.flywaydb.core.internal.sqlscript.DefaultSqlScriptExecutor - Executing SQL: CREATE OR REPLACE VIEW runs_view
AS
SELECT r.uuid,
       r.created_at,
       r.updated_at,
       r.parent_run_uuid,
       job_version_uuid,
       run_args_uuid,
       nominal_start_time,
       nominal_end_time,
       current_run_state,
       start_run_state_uuid,
       end_run_state_uuid,
       external_id,
       location,
       transitioned_at,
       started_at,
       ended_at,
       job_context_uuid,
       job_uuid,
       COALESCE(s.name, j.name) AS job_name,
       COALESCE(s.namespace_name, j.namespace_name) AS namespace_name
FROM runs r
INNER JOIN jobs j ON j.uuid = r.job_uuid
LEFT JOIN jobs_view s ON j.symlink_target_uuid=s.uuid
10:12:26.858 [Test worker] DEBUG org.flywaydb.core.internal.sqlscript.DefaultSqlScriptExecutor - 0 rows affected
10:12:26.858 [Test worker] DEBUG org.flywaydb.core.internal.command.DbMigrate - Successfully completed migration of schema "public" with repeatable migration "2 Runs view"
10:12:26.860 [Test worker] DEBUG org.flywaydb.core.internal.schemahistory.JdbcTableSchemaHistory - Schema History table "public"."flyway_schema_history" successfully updated to reflect changes
10:12:26.864 [Test worker] DEBUG org.flywaydb.core.internal.parser.Parser - Parsing R__3_Datasets_view.sql ...
10:12:26.864 [Test worker] DEBUG org.flywaydb.core.internal.sqlscript.ParserSqlScript - Found statement at line 1: DROP VIEW IF EXISTS datasets_view
10:12:26.864 [Test worker] DEBUG org.flywaydb.core.internal.sqlscript.ParserSqlScript - Found statement at line 2: CREATE VIEW datasets_view
AS
SELECT d.uuid,
       d.type,
       d.created_at,
       d.updated_at,
       d.namespace_uuid,
       d.source_uuid,
       d.name,
       array_agg(CAST((namespaces.name, symlinks.name) AS DATASET_NAME)) AS dataset_symlinks,
       d.physical_name,
       d.description,
       d.current_version_uuid,
       d.last_modified_at,
       d.namespace_name,
       d.source_name,
       d.is_deleted
FROM datasets d
JOIN dataset_symlinks symlinks ON d.uuid = symlinks.dataset_uuid
INNER JOIN namespaces ON symlinks.namespace_uuid = namespaces.uuid
WHERE d.is_hidden IS FALSE
GROUP BY d.uuid
10:12:26.864 [Test worker] DEBUG org.flywaydb.core.internal.command.DbMigrate - Starting migration of schema "public" with repeatable migration "3 Datasets view" ...
10:12:26.866 [Test worker] INFO org.flywaydb.core.internal.command.DbMigrate - Migrating schema "public" with repeatable migration "3 Datasets view"
10:12:26.867 [Test worker] DEBUG org.flywaydb.core.internal.sqlscript.DefaultSqlScriptExecutor - Executing SQL: DROP VIEW IF EXISTS datasets_view
10:12:26.867 [Test worker] INFO org.flywaydb.core.internal.sqlscript.DefaultSqlScriptExecutor - DB: view "datasets_view" does not exist, skipping
10:12:26.867 [Test worker] DEBUG org.flywaydb.core.internal.sqlscript.DefaultSqlScriptExecutor - 0 rows affected
10:12:26.867 [Test worker] DEBUG org.flywaydb.core.internal.sqlscript.DefaultSqlScriptExecutor - Executing SQL: CREATE VIEW datasets_view
AS
SELECT d.uuid,
       d.type,
       d.created_at,
       d.updated_at,
       d.namespace_uuid,
       d.source_uuid,
       d.name,
       array_agg(CAST((namespaces.name, symlinks.name) AS DATASET_NAME)) AS dataset_symlinks,
       d.physical_name,
       d.description,
       d.current_version_uuid,
       d.last_modified_at,
       d.namespace_name,
       d.source_name,
       d.is_deleted
FROM datasets d
JOIN dataset_symlinks symlinks ON d.uuid = symlinks.dataset_uuid
INNER JOIN namespaces ON symlinks.namespace_uuid = namespaces.uuid
WHERE d.is_hidden IS FALSE
GROUP BY d.uuid
10:12:26.869 [Test worker] DEBUG org.flywaydb.core.internal.sqlscript.DefaultSqlScriptExecutor - 0 rows affected
10:12:26.869 [Test worker] DEBUG org.flywaydb.core.internal.command.DbMigrate - Successfully completed migration of schema "public" with repeatable migration "3 Datasets view"
10:12:26.872 [Test worker] DEBUG org.flywaydb.core.internal.schemahistory.JdbcTableSchemaHistory - Schema History table "public"."flyway_schema_history" successfully updated to reflect changes
10:12:26.876 [Test worker] INFO org.flywaydb.core.internal.command.DbMigrate - Successfully applied 82 migrations to schema "public", now at version v67.2 (execution time 00:01.276s)
10:12:26.878 [Test worker] DEBUG org.flywaydb.core.FlywayExecutor - Memory usage: 30 of 76M
INFO  [2024-02-09 04:42:27,430] org.eclipse.jetty.util.log: Logging initialized @93035ms to org.eclipse.jetty.util.log.Slf4jLog
INFO  [2024-02-09 04:42:27,474] io.dropwizard.server.DefaultServerFactory: Registering jersey handler with root path prefix: /
INFO  [2024-02-09 04:42:27,475] io.dropwizard.server.DefaultServerFactory: Registering admin handler with root path prefix: /
INFO  [2024-02-09 04:42:27,475] io.dropwizard.assets.AssetsBundle: Registering AssetBundle with name: graphql-playground for path /graphql-playground/*
INFO  [2024-02-09 04:42:27,480] marquez.MarquezApp: Running startup actions...
INFO  [2024-02-09 04:42:27,482] org.flywaydb.core.internal.license.VersionPrinter: Flyway Community Edition 8.5.13 by Redgate
INFO  [2024-02-09 04:42:27,482] org.flywaydb.core.internal.license.VersionPrinter: See what's new here: https://flywaydb.org/documentation/learnmore/releaseNotes#8.5.13
INFO  [2024-02-09 04:42:27,482] org.flywaydb.core.internal.license.VersionPrinter: 
INFO  [2024-02-09 04:42:27,673] org.flywaydb.core.internal.database.base.BaseDatabaseType: Database: jdbc:postgresql://localhost:55773/test (PostgreSQL 14.10)
INFO  [2024-02-09 04:42:27,704] marquez.db.DbMigration: No pending migrations found, skipping...
INFO  [2024-02-09 04:42:28,177] io.dropwizard.server.ServerFactory: Starting MarquezApp
    __  ___
   /  |/  /___ __________ ___  _____  ____
  / /|_/ / __ `/ ___/ __ `/ / / / _ \/_  /
 / /  / / /_/ / /  / /_/ / /_/ /  __/ / /_
/_/  /_/\__,_/_/   \__, /\__,_/\___/ /___/
                     /_/
INFO  [2024-02-09 04:42:28,251] org.eclipse.jetty.setuid.SetUIDListener: Opened application@12ebc4{HTTP/1.1, (http/1.1)}{0.0.0.0:8080}
INFO  [2024-02-09 04:42:28,251] org.eclipse.jetty.setuid.SetUIDListener: Opened admin@51d64d67{HTTP/1.1, (http/1.1)}{0.0.0.0:8081}
INFO  [2024-02-09 04:42:28,253] org.eclipse.jetty.server.Server: jetty-9.4.53.v20231009; built: 2023-10-09T12:29:09.265Z; git: 27bde00a0b95a1d5bbee0eae7984f891d2d0f8c9; jvm 20.0.1

INFO  [2024-02-09 04:42:28,611] io.dropwizard.jersey.DropwizardResourceConfig: The following paths were found for the configured resources:

    GET     /api/v1/column-lineage (marquez.api.ColumnLineageResource)
    GET     /api/v1/events/lineage (marquez.api.OpenLineageResource)
    GET     /api/v1/jobs/runs/{id}/ (marquez.api.RunResource)
    POST    /api/v1/jobs/runs/{id}/abort (marquez.api.RunResource)
    POST    /api/v1/jobs/runs/{id}/complete (marquez.api.RunResource)
    GET     /api/v1/jobs/runs/{id}/facets (marquez.api.JobResource)
    POST    /api/v1/jobs/runs/{id}/fail (marquez.api.RunResource)
    POST    /api/v1/jobs/runs/{id}/start (marquez.api.RunResource)
    GET     /api/v1/lineage (marquez.api.OpenLineageResource)
    POST    /api/v1/lineage (marquez.api.OpenLineageResource)
    GET     /api/v1/namespaces (marquez.api.NamespaceResource)
    DELETE  /api/v1/namespaces/{namespace} (marquez.api.NamespaceResource)
    GET     /api/v1/namespaces/{namespace} (marquez.api.NamespaceResource)
    PUT     /api/v1/namespaces/{namespace} (marquez.api.NamespaceResource)
    GET     /api/v1/namespaces/{namespace}/datasets (marquez.api.DatasetResource)
    DELETE  /api/v1/namespaces/{namespace}/datasets/{dataset} (marquez.api.DatasetResource)
    GET     /api/v1/namespaces/{namespace}/datasets/{dataset} (marquez.api.DatasetResource)
    PUT     /api/v1/namespaces/{namespace}/datasets/{dataset} (marquez.api.DatasetResource)
    DELETE  /api/v1/namespaces/{namespace}/datasets/{dataset}/fields/{field}/tags/{tag} (marquez.api.DatasetResource)
    POST    /api/v1/namespaces/{namespace}/datasets/{dataset}/fields/{field}/tags/{tag} (marquez.api.DatasetResource)
    DELETE  /api/v1/namespaces/{namespace}/datasets/{dataset}/tags/{tag} (marquez.api.DatasetResource)
    POST    /api/v1/namespaces/{namespace}/datasets/{dataset}/tags/{tag} (marquez.api.DatasetResource)
    GET     /api/v1/namespaces/{namespace}/datasets/{dataset}/versions (marquez.api.DatasetResource)
    GET     /api/v1/namespaces/{namespace}/datasets/{dataset}/versions/{version} (marquez.api.DatasetResource)
    GET     /api/v1/namespaces/{namespace}/jobs (marquez.api.JobResource)
    DELETE  /api/v1/namespaces/{namespace}/jobs/{job} (marquez.api.JobResource)
    GET     /api/v1/namespaces/{namespace}/jobs/{job} (marquez.api.JobResource)
    PUT     /api/v1/namespaces/{namespace}/jobs/{job} (marquez.api.JobResource)
    GET     /api/v1/namespaces/{namespace}/jobs/{job}/runs (marquez.api.JobResource)
    POST    /api/v1/namespaces/{namespace}/jobs/{job}/runs (marquez.api.JobResource)
    GET     /api/v1/namespaces/{namespace}/jobs/{job}/versions (marquez.api.JobResource)
    GET     /api/v1/namespaces/{namespace}/jobs/{job}/versions/{version} (marquez.api.JobResource)
    GET     /api/v1/runlineage/upstream (marquez.api.OpenLineageResource)
    GET     /api/v1/search (marquez.api.SearchResource)
    GET     /api/v1/sources (marquez.api.SourceResource)
    GET     /api/v1/sources/{source} (marquez.api.SourceResource)
    PUT     /api/v1/sources/{source} (marquez.api.SourceResource)
    GET     /api/v1/tags (marquez.api.TagResource)
    PUT     /api/v1/tags/{name} (marquez.api.TagResource)

INFO  [2024-02-09 04:42:28,616] org.eclipse.jetty.server.handler.ContextHandler: Started i.d.j.MutableServletContextHandler@2e2a1bdc{/,null,AVAILABLE}
INFO  [2024-02-09 04:42:28,617] io.dropwizard.setup.AdminEnvironment: tasks = 

    POST    /tasks/log-level (io.dropwizard.servlets.tasks.LogConfigurationTask)
    POST    /tasks/gc (io.dropwizard.servlets.tasks.GarbageCollectionTask)

INFO  [2024-02-09 04:42:28,617] org.eclipse.jetty.server.handler.ContextHandler: Started i.d.j.MutableServletContextHandler@626cd10c{/,null,AVAILABLE}
INFO  [2024-02-09 04:42:28,621] org.eclipse.jetty.server.AbstractConnector: Started application@12ebc4{HTTP/1.1, (http/1.1)}{0.0.0.0:8080}
INFO  [2024-02-09 04:42:28,622] org.eclipse.jetty.server.AbstractConnector: Started admin@51d64d67{HTTP/1.1, (http/1.1)}{0.0.0.0:8081}
INFO  [2024-02-09 04:42:28,622] org.eclipse.jetty.server.Server: Started @94227ms
INFO  [2024-02-09 04:42:29,598] marquez.logging.LoggingMdcFilter: status: 200
127.0.0.1 - - [09/Feb/2024:04:42:29 +0000] "GET /api/v1/column-lineage?nodeId=job%3Anamespace%3Ajob1&depth=1&withDownstream=false HTTP/1.1" 200 346 "-" "marquez-java/0.45.0-SNAPSHOT" 137
INFO  [2024-02-09 04:42:29,962] marquez.logging.LoggingMdcFilter: status: 200
127.0.0.1 - - [09/Feb/2024:04:42:29 +0000] "GET /api/v1/column-lineage?nodeId=job%3Anamespace%3Ajob1&depth=10&withDownstream=true HTTP/1.1" 200 418 "-" "marquez-java/0.45.0-SNAPSHOT" 9
INFO  [2024-02-09 04:42:30,270] marquez.logging.LoggingMdcFilter: status: 200
127.0.0.1 - - [09/Feb/2024:04:42:30 +0000] "GET /api/v1/column-lineage?nodeId=datasetField%3Anamespace%3Adataset_b%3Acol_c&depth=20&withDownstream=false HTTP/1.1" 200 349 "-" "marquez-java/0.45.0-SNAPSHOT" 8
INFO  [2024-02-09 04:42:30,577] marquez.logging.LoggingMdcFilter: status: 200
127.0.0.1 - - [09/Feb/2024:04:42:30 +0000] "GET /api/v1/column-lineage?nodeId=datasetField%3Anamespace%3Adataset_c%3Acol_d&depth=1&withDownstream=false HTTP/1.1" 200 321 "-" "marquez-java/0.45.0-SNAPSHOT" 6
INFO  [2024-02-09 04:42:30,849] marquez.logging.LoggingMdcFilter: status: 200
127.0.0.1 - - [09/Feb/2024:04:42:30 +0000] "GET /api/v1/column-lineage?nodeId=dataset%3Anamespace%3Adataset_b&depth=20&withDownstream=false HTTP/1.1" 200 346 "-" "marquez-java/0.45.0-SNAPSHOT" 8
INFO  [2024-02-09 04:42:30,893] org.eclipse.jetty.server.AbstractConnector: Stopped application@12ebc4{HTTP/1.1, (http/1.1)}{0.0.0.0:8080}
INFO  [2024-02-09 04:42:30,894] org.eclipse.jetty.server.AbstractConnector: Stopped admin@51d64d67{HTTP/1.1, (http/1.1)}{0.0.0.0:8081}
INFO  [2024-02-09 04:42:30,895] org.eclipse.jetty.server.handler.ContextHandler: Stopped i.d.j.MutableServletContextHandler@626cd10c{/,null,STOPPED}
INFO  [2024-02-09 04:42:30,898] org.eclipse.jetty.server.handler.ContextHandler: Stopped i.d.j.MutableServletContextHandler@2e2a1bdc{/,null,STOPPED}
INFO  [2024-02-09 10:12:30,906] org.flywaydb.core.internal.license.VersionPrinter: Flyway Community Edition 8.5.13 by Redgate
INFO  [2024-02-09 10:12:30,906] org.flywaydb.core.internal.license.VersionPrinter: See what's new here: https://flywaydb.org/documentation/learnmore/releaseNotes#8.5.13
INFO  [2024-02-09 10:12:30,906] org.flywaydb.core.internal.license.VersionPrinter: 
INFO  [2024-02-09 10:12:30,933] org.flywaydb.core.internal.command.DbClean: Successfully dropped pre-schema database level objects (execution time 00:00.000s)
INFO  [2024-02-09 10:12:30,985] org.flywaydb.core.internal.command.DbClean: Successfully cleaned schema "public" (execution time 00:00.051s)
INFO  [2024-02-09 10:12:30,993] org.flywaydb.core.internal.command.DbClean: Successfully cleaned schema "public" (execution time 00:00.007s)
INFO  [2024-02-09 10:12:30,994] org.flywaydb.core.internal.command.DbClean: Successfully dropped post-schema database level objects (execution time 00:00.000s)
]]></system-out>
  <system-err><![CDATA[]]></system-err>
</testsuite>
